<?xml version="1.0" encoding="UTF-8"?>
<!-- Generated by org.testng.reporters.JUnitXMLReporter -->
<testsuite ignored="0" hostname="DESKTOP-R02UI3U" failures="2" tests="13" name="Test" time="75.706" errors="0" timestamp="2023-05-22T21:08:10 IST">
  <testcase classname="com.nopcommerce.testscripts.loginpageTest2" name="VerifyLoginBtnFunctunalityWithValidData" time="6.386"/>
  <testcase classname="com.nopcommerce.testscripts.loginpageTest2" name="VerifyLoginBtnFunctunalityWithValidData" time="5.246"/>
  <testcase classname="com.nopcommerce.testscripts.loginpageTest2" name="VerifyLoginBtnFunctunalityWithValidData" time="4.561"/>
  <testcase classname="com.nopcommerce.testscripts.loginpageTest2" name="VerifyLoginBtnFunctunalityWithValidData" time="1.253">
    <skipped/>
  </testcase> <!-- VerifyLoginBtnFunctunalityWithValidData -->
  <testcase classname="com.nopcommerce.testscripts.loginpageTest2" name="VerifyLoginBtnFunctunalityWithValidData" time="1.391">
    <skipped/>
  </testcase> <!-- VerifyLoginBtnFunctunalityWithValidData -->
  <testcase classname="com.nopcommerce.testscripts.loginpageTest2" name="VerifyLoginBtnFunctunalityWithValidData" time="1.818">
    <skipped/>
  </testcase> <!-- VerifyLoginBtnFunctunalityWithValidData -->
  <testcase classname="com.nopcommerce.testscripts.loginpageTest2" name="VerifyLoginBtnFunctunalityWithValidData" time="1.152">
    <failure type="org.openqa.selenium.NoSuchElementException" message="no such element: Unable to locate element: {&amp;quot;method&amp;quot;:&amp;quot;xpath&amp;quot;,&amp;quot;selector&amp;quot;:&amp;quot;//h1[normalize-space()=&amp;apos;Dashboard&amp;apos;]&amp;quot;}
  (Session info: chrome=113.0.5672.127)
For documentation on this error, please visit: https://selenium.dev/exceptions/#no_such_element
Build info: version: &amp;apos;4.9.0&amp;apos;, revision: &amp;apos;d7057100a6&amp;apos;
System info: os.name: &amp;apos;Windows 10&amp;apos;, os.arch: &amp;apos;amd64&amp;apos;, os.version: &amp;apos;10.0&amp;apos;, java.version: &amp;apos;17.0.6&amp;apos;
Driver info: org.openqa.selenium.chrome.ChromeDriver
Command: [5eb2f17763d7028ca11d3217ac5610c9, findElement {using=xpath, value=//h1[normalize-space()=&amp;apos;Dashboard&amp;apos;]}]
Capabilities {acceptInsecureCerts: false, browserName: chrome, browserVersion: 113.0.5672.127, chrome: {chromedriverVersion: 112.0.5615.49 (bd2a7bcb881c..., userDataDir: C:\Users\HP\AppData\Local\T...}, goog:chromeOptions: {debuggerAddress: localhost:51471}, networkConnectionEnabled: false, pageLoadStrategy: normal, platformName: WINDOWS, proxy: Proxy(), se:cdp: ws://localhost:51471/devtoo..., se:cdpVersion: 113.0.5672.127, setWindowRect: true, strictFileInteractability: false, timeouts: {implicit: 0, pageLoad: 300000, script: 30000}, unhandledPromptBehavior: dismiss and notify, webauthn:extension:credBlob: true, webauthn:extension:largeBlob: true, webauthn:extension:minPinLength: true, webauthn:extension:prf: true, webauthn:virtualAuthenticators: true}
Session ID: 5eb2f17763d7028ca11d3217ac5610c9">
      <![CDATA[org.openqa.selenium.NoSuchElementException: no such element: Unable to locate element: {"method":"xpath","selector":"//h1[normalize-space()='Dashboard']"}
  (Session info: chrome=113.0.5672.127)
For documentation on this error, please visit: https://selenium.dev/exceptions/#no_such_element
Build info: version: '4.9.0', revision: 'd7057100a6'
System info: os.name: 'Windows 10', os.arch: 'amd64', os.version: '10.0', java.version: '17.0.6'
Driver info: org.openqa.selenium.chrome.ChromeDriver
Command: [5eb2f17763d7028ca11d3217ac5610c9, findElement {using=xpath, value=//h1[normalize-space()='Dashboard']}]
Capabilities {acceptInsecureCerts: false, browserName: chrome, browserVersion: 113.0.5672.127, chrome: {chromedriverVersion: 112.0.5615.49 (bd2a7bcb881c..., userDataDir: C:\Users\HP\AppData\Local\T...}, goog:chromeOptions: {debuggerAddress: localhost:51471}, networkConnectionEnabled: false, pageLoadStrategy: normal, platformName: WINDOWS, proxy: Proxy(), se:cdp: ws://localhost:51471/devtoo..., se:cdpVersion: 113.0.5672.127, setWindowRect: true, strictFileInteractability: false, timeouts: {implicit: 0, pageLoad: 300000, script: 30000}, unhandledPromptBehavior: dismiss and notify, webauthn:extension:credBlob: true, webauthn:extension:largeBlob: true, webauthn:extension:minPinLength: true, webauthn:extension:prf: true, webauthn:virtualAuthenticators: true}
Session ID: 5eb2f17763d7028ca11d3217ac5610c9
at org.openqa.selenium.remote.codec.w3c.W3CHttpResponseCodec.createException(W3CHttpResponseCodec.java:200)
at org.openqa.selenium.remote.codec.w3c.W3CHttpResponseCodec.decode(W3CHttpResponseCodec.java:133)
at org.openqa.selenium.remote.codec.w3c.W3CHttpResponseCodec.decode(W3CHttpResponseCodec.java:53)
at org.openqa.selenium.remote.HttpCommandExecutor.execute(HttpCommandExecutor.java:193)
at org.openqa.selenium.remote.service.DriverCommandExecutor.invokeExecute(DriverCommandExecutor.java:183)
at org.openqa.selenium.remote.service.DriverCommandExecutor.execute(DriverCommandExecutor.java:158)
at org.openqa.selenium.remote.RemoteWebDriver.execute(RemoteWebDriver.java:543)
at org.openqa.selenium.remote.ElementLocation$ElementFinder$2.findElement(ElementLocation.java:162)
at org.openqa.selenium.remote.ElementLocation.findElement(ElementLocation.java:60)
at org.openqa.selenium.remote.RemoteWebDriver.findElement(RemoteWebDriver.java:352)
at org.openqa.selenium.remote.RemoteWebDriver.findElement(RemoteWebDriver.java:344)
at com.nopcommerce.pages.dashboard.isDashboardLabelVisible(dashboard.java:23)
at com.nopcommerce.testscripts.loginpageTest2.VerifyLoginBtnFunctunalityWithValidData(loginpageTest2.java:49)
at java.base/java.util.ArrayList.forEach(ArrayList.java:1511)
... Removed 32 stack frames]]>
    </failure>
  </testcase> <!-- VerifyLoginBtnFunctunalityWithValidData -->
  <testcase classname="com.nopcommerce.testscripts.loginpageTest2" name="VerifyLoginBtnFunctunalityWithValidData" time="0.092">
    <skipped/>
  </testcase> <!-- VerifyLoginBtnFunctunalityWithValidData -->
  <testcase classname="com.nopcommerce.testscripts.loginpageTest2" name="VerifyLoginBtnFunctunalityWithValidData" time="0.079">
    <skipped/>
  </testcase> <!-- VerifyLoginBtnFunctunalityWithValidData -->
  <testcase classname="com.nopcommerce.testscripts.loginpageTest2" name="VerifyLoginBtnFunctunalityWithValidData" time="0.081">
    <skipped/>
  </testcase> <!-- VerifyLoginBtnFunctunalityWithValidData -->
  <testcase classname="com.nopcommerce.testscripts.loginpageTest2" name="VerifyLoginBtnFunctunalityWithValidData" time="0.188">
    <failure type="java.lang.IllegalArgumentException" message="Keys to send should be a not null CharSequence">
      <![CDATA[java.lang.IllegalArgumentException: Keys to send should be a not null CharSequence
at org.openqa.selenium.remote.RemoteWebElement.sendKeys(RemoteWebElement.java:98)
at com.nopcommerce.pages.loginpage.setEmail(loginpage.java:24)
at com.nopcommerce.pages.loginpage.NopcommerceLogin(loginpage.java:41)
at com.nopcommerce.testscripts.loginpageTest2.VerifyLoginBtnFunctunalityWithValidData(loginpageTest2.java:47)
at java.base/java.util.ArrayList.forEach(ArrayList.java:1511)
... Removed 27 stack frames]]>
    </failure>
  </testcase> <!-- VerifyLoginBtnFunctunalityWithValidData -->
  <testcase classname="com.nopcommerce.testscripts.loginpageTest" name="VerifyLoginBtnFunctunalityWithInValidData" time="1.878"/>
  <testcase classname="com.nopcommerce.testscripts.loginpageTest" name="VerifyLoginBtnFunctunalityWithValidData" time="5.931"/>
</testsuite> <!-- Test -->
