<?xml version="1.0" encoding="UTF-8"?>
<testng-results retried="4" ignored="0" total="16" passed="11" failed="1" skipped="0">
  <reporter-output>
  </reporter-output>
  <suite started-at="2023-05-26T18:33:26 IST" name="tutorialsNinja.logindata" finished-at="2023-05-26T18:33:26 IST" duration-ms="0">
    <groups>
    </groups>
  </suite> <!-- tutorialsNinja.logindata -->
  <suite started-at="2023-05-26T18:33:22 IST" name="TutorialsNinjaTestCases.registration" finished-at="2023-05-26T18:33:26 IST" duration-ms="4401">
    <groups>
    </groups>
    <test started-at="2023-05-26T18:33:22 IST" name="Test" finished-at="2023-05-26T18:33:26 IST" duration-ms="4401">
      <class name="com.opencart.qa.test.Registrationtest">
        <test-method is-config="true" signature="setup()[pri:0, instance:com.opencart.qa.test.Registrationtest@3b0fe47a]" started-at="2023-05-26T18:33:22 IST" name="setup" finished-at="2023-05-26T18:33:24 IST" duration-ms="2857" status="PASS">
          <reporter-output>
          </reporter-output>
        </test-method> <!-- setup -->
        <test-method signature="RegisterWithValidData()[pri:0, instance:com.opencart.qa.test.Registrationtest@3b0fe47a]" started-at="2023-05-26T18:33:24 IST" name="RegisterWithValidData" finished-at="2023-05-26T18:33:26 IST" duration-ms="1400" status="PASS">
          <reporter-output>
          </reporter-output>
        </test-method> <!-- RegisterWithValidData -->
        <test-method is-config="true" signature="teardown()[pri:0, instance:com.opencart.qa.test.Registrationtest@3b0fe47a]" started-at="2023-05-26T18:33:26 IST" name="teardown" finished-at="2023-05-26T18:33:26 IST" duration-ms="140" status="PASS">
          <reporter-output>
          </reporter-output>
        </test-method> <!-- teardown -->
      </class> <!-- com.opencart.qa.test.Registrationtest -->
    </test> <!-- Test -->
  </suite> <!-- TutorialsNinjaTestCases.registration -->
  <suite started-at="2023-05-26T18:32:19 IST" name="TutorialsNinjaTestCases.login" finished-at="2023-05-26T18:33:12 IST" duration-ms="52370">
    <groups>
    </groups>
    <test started-at="2023-05-26T18:32:19 IST" name="Test" finished-at="2023-05-26T18:33:12 IST" duration-ms="52370">
      <class name="com.opencart.qa.test.loginpagetest2">
        <test-method is-config="true" signature="setup()[pri:0, instance:com.opencart.qa.test.loginpagetest2@2e6a8155]" started-at="2023-05-26T18:32:36 IST" name="setup" finished-at="2023-05-26T18:32:41 IST" duration-ms="4601" status="PASS">
          <reporter-output>
          </reporter-output>
        </test-method> <!-- setup -->
        <test-method signature="verifyLoginBtnWithValidDataAndInvalidData(java.lang.String,java.lang.String)[pri:0, instance:com.opencart.qa.test.loginpagetest2@2e6a8155]" started-at="2023-05-26T18:32:41 IST" name="verifyLoginBtnWithValidDataAndInvalidData" data-provider="login credentials" finished-at="2023-05-26T18:32:42 IST" duration-ms="1401" status="PASS">
          <params>
            <param index="0">
              <value>
                <![CDATA[sree1234@gmail.com]]>
              </value>
            </param>
            <param index="1">
              <value>
                <![CDATA[vasu1234]]>
              </value>
            </param>
          </params>
          <reporter-output>
          </reporter-output>
        </test-method> <!-- verifyLoginBtnWithValidDataAndInvalidData -->
        <test-method is-config="true" signature="tearDown()[pri:0, instance:com.opencart.qa.test.loginpagetest2@2e6a8155]" started-at="2023-05-26T18:32:42 IST" name="tearDown" finished-at="2023-05-26T18:32:42 IST" duration-ms="136" status="PASS">
          <reporter-output>
          </reporter-output>
        </test-method> <!-- tearDown -->
        <test-method is-config="true" signature="setup()[pri:0, instance:com.opencart.qa.test.loginpagetest2@2e6a8155]" started-at="2023-05-26T18:32:42 IST" name="setup" finished-at="2023-05-26T18:32:45 IST" duration-ms="2873" status="PASS">
          <reporter-output>
          </reporter-output>
        </test-method> <!-- setup -->
        <test-method signature="verifyLoginBtnWithValidDataAndInvalidData(java.lang.String,java.lang.String)[pri:0, instance:com.opencart.qa.test.loginpagetest2@2e6a8155]" started-at="2023-05-26T18:32:45 IST" name="verifyLoginBtnWithValidDataAndInvalidData" data-provider="login credentials" finished-at="2023-05-26T18:32:46 IST" duration-ms="1507" status="PASS">
          <params>
            <param index="0">
              <value>
                <![CDATA[sree1234@gmail.co]]>
              </value>
            </param>
            <param index="1">
              <value>
                <![CDATA[vasu1234]]>
              </value>
            </param>
          </params>
          <reporter-output>
          </reporter-output>
        </test-method> <!-- verifyLoginBtnWithValidDataAndInvalidData -->
        <test-method is-config="true" signature="tearDown()[pri:0, instance:com.opencart.qa.test.loginpagetest2@2e6a8155]" started-at="2023-05-26T18:32:46 IST" name="tearDown" finished-at="2023-05-26T18:32:47 IST" duration-ms="362" status="PASS">
          <reporter-output>
          </reporter-output>
        </test-method> <!-- tearDown -->
        <test-method is-config="true" signature="setup()[pri:0, instance:com.opencart.qa.test.loginpagetest2@2e6a8155]" started-at="2023-05-26T18:32:47 IST" name="setup" finished-at="2023-05-26T18:32:49 IST" duration-ms="2449" status="PASS">
          <reporter-output>
          </reporter-output>
        </test-method> <!-- setup -->
        <test-method signature="verifyLoginBtnWithValidDataAndInvalidData(java.lang.String,java.lang.String)[pri:0, instance:com.opencart.qa.test.loginpagetest2@2e6a8155]" started-at="2023-05-26T18:32:49 IST" name="verifyLoginBtnWithValidDataAndInvalidData" data-provider="login credentials" finished-at="2023-05-26T18:32:50 IST" duration-ms="1183" status="PASS">
          <params>
            <param index="0">
              <value>
                <![CDATA[sree1234@gmail.com]]>
              </value>
            </param>
            <param index="1">
              <value>
                <![CDATA[vasu1234]]>
              </value>
            </param>
          </params>
          <reporter-output>
          </reporter-output>
        </test-method> <!-- verifyLoginBtnWithValidDataAndInvalidData -->
        <test-method is-config="true" signature="tearDown()[pri:0, instance:com.opencart.qa.test.loginpagetest2@2e6a8155]" started-at="2023-05-26T18:32:50 IST" name="tearDown" finished-at="2023-05-26T18:32:51 IST" duration-ms="83" status="PASS">
          <reporter-output>
          </reporter-output>
        </test-method> <!-- tearDown -->
        <test-method is-config="true" signature="setup()[pri:0, instance:com.opencart.qa.test.loginpagetest2@2e6a8155]" started-at="2023-05-26T18:32:51 IST" name="setup" finished-at="2023-05-26T18:32:53 IST" duration-ms="2567" status="PASS">
          <reporter-output>
          </reporter-output>
        </test-method> <!-- setup -->
        <test-method signature="verifyLoginBtnWithValidDataAndInvalidData(java.lang.String,java.lang.String)[pri:0, instance:com.opencart.qa.test.loginpagetest2@2e6a8155]" started-at="2023-05-26T18:32:53 IST" name="verifyLoginBtnWithValidDataAndInvalidData" data-provider="login credentials" finished-at="2023-05-26T18:32:54 IST" duration-ms="1239" status="PASS">
          <params>
            <param index="0">
              <value>
                <![CDATA[sree1234@gmail.com]]>
              </value>
            </param>
            <param index="1">
              <value>
                <![CDATA[vasu1234]]>
              </value>
            </param>
          </params>
          <reporter-output>
          </reporter-output>
        </test-method> <!-- verifyLoginBtnWithValidDataAndInvalidData -->
        <test-method is-config="true" signature="tearDown()[pri:0, instance:com.opencart.qa.test.loginpagetest2@2e6a8155]" started-at="2023-05-26T18:32:54 IST" name="tearDown" finished-at="2023-05-26T18:32:55 IST" duration-ms="184" status="PASS">
          <reporter-output>
          </reporter-output>
        </test-method> <!-- tearDown -->
        <test-method is-config="true" signature="setup()[pri:0, instance:com.opencart.qa.test.loginpagetest2@2e6a8155]" started-at="2023-05-26T18:32:55 IST" name="setup" finished-at="2023-05-26T18:32:57 IST" duration-ms="2963" status="PASS">
          <reporter-output>
          </reporter-output>
        </test-method> <!-- setup -->
        <test-method retried="true" signature="verifyLoginBtnWithValidDataAndInvalidData(java.lang.String,java.lang.String)[pri:0, instance:com.opencart.qa.test.loginpagetest2@2e6a8155]" started-at="2023-05-26T18:32:57 IST" name="verifyLoginBtnWithValidDataAndInvalidData" data-provider="login credentials" finished-at="2023-05-26T18:32:58 IST" duration-ms="94" status="SKIP">
          <params>
            <param index="0">
              <value is-null="true"/>
            </param>
            <param index="1">
              <value is-null="true"/>
            </param>
          </params>
          <exception class="java.lang.IllegalArgumentException">
            <message>
              <![CDATA[Keys to send should be a not null CharSequence]]>
            </message>
            <full-stacktrace>
              <![CDATA[java.lang.IllegalArgumentException: Keys to send should be a not null CharSequence
at org.openqa.selenium.remote.RemoteWebElement.sendKeys(RemoteWebElement.java:98)
at com.opencart.qa.pages.loginpage.setEmail(loginpage.java:23)
at com.opencart.qa.pages.loginpage.openCartLogin(loginpage.java:42)
at com.opencart.qa.test.loginpagetest2.verifyLoginBtnWithValidDataAndInvalidData(loginpagetest2.java:41)
at java.base/jdk.internal.reflect.NativeMethodAccessorImpl.invoke0(Native Method)
at java.base/jdk.internal.reflect.NativeMethodAccessorImpl.invoke(NativeMethodAccessorImpl.java:62)
at java.base/jdk.internal.reflect.DelegatingMethodAccessorImpl.invoke(DelegatingMethodAccessorImpl.java:43)
at java.base/java.lang.reflect.Method.invoke(Method.java:566)
at org.testng.internal.MethodInvocationHelper.invokeMethod(MethodInvocationHelper.java:133)
at org.testng.internal.TestInvoker.invokeMethod(TestInvoker.java:598)
at org.testng.internal.TestInvoker.invokeTestMethod(TestInvoker.java:173)
at org.testng.internal.MethodRunner.runInSequence(MethodRunner.java:46)
at org.testng.internal.TestInvoker$MethodInvocationAgent.invoke(TestInvoker.java:824)
at org.testng.internal.TestInvoker.invokeTestMethods(TestInvoker.java:146)
at org.testng.internal.TestMethodWorker.invokeTestMethods(TestMethodWorker.java:146)
at org.testng.internal.TestMethodWorker.run(TestMethodWorker.java:128)
at java.base/java.util.ArrayList.forEach(ArrayList.java:1541)
at org.testng.TestRunner.privateRun(TestRunner.java:794)
at org.testng.TestRunner.run(TestRunner.java:596)
at org.testng.SuiteRunner.runTest(SuiteRunner.java:377)
at org.testng.SuiteRunner.runSequentially(SuiteRunner.java:371)
at org.testng.SuiteRunner.privateRun(SuiteRunner.java:332)
at org.testng.SuiteRunner.run(SuiteRunner.java:276)
at org.testng.SuiteRunnerWorker.runSuite(SuiteRunnerWorker.java:53)
at org.testng.SuiteRunnerWorker.run(SuiteRunnerWorker.java:96)
at org.testng.TestNG.runSuitesSequentially(TestNG.java:1212)
at org.testng.TestNG.runSuitesSequentially(TestNG.java:1207)
at org.testng.TestNG.runSuitesLocally(TestNG.java:1134)
at org.testng.TestNG.runSuites(TestNG.java:1063)
at org.testng.TestNG.run(TestNG.java:1031)
at org.apache.maven.surefire.testng.TestNGExecutor.run(TestNGExecutor.java:308)
at org.apache.maven.surefire.testng.TestNGXmlTestSuite.execute(TestNGXmlTestSuite.java:71)
at org.apache.maven.surefire.testng.TestNGProvider.invoke(TestNGProvider.java:113)
at org.apache.maven.surefire.booter.ForkedBooter.runSuitesInProcess(ForkedBooter.java:385)
at org.apache.maven.surefire.booter.ForkedBooter.execute(ForkedBooter.java:162)
at org.apache.maven.surefire.booter.ForkedBooter.run(ForkedBooter.java:507)
at org.apache.maven.surefire.booter.ForkedBooter.main(ForkedBooter.java:495)
]]>
            </full-stacktrace>
          </exception> <!-- java.lang.IllegalArgumentException -->
          <reporter-output>
          </reporter-output>
        </test-method> <!-- verifyLoginBtnWithValidDataAndInvalidData -->
        <test-method is-config="true" signature="tearDown()[pri:0, instance:com.opencart.qa.test.loginpagetest2@2e6a8155]" started-at="2023-05-26T18:32:58 IST" name="tearDown" finished-at="2023-05-26T18:32:58 IST" duration-ms="106" status="PASS">
          <reporter-output>
          </reporter-output>
        </test-method> <!-- tearDown -->
        <test-method is-config="true" signature="setup()[pri:0, instance:com.opencart.qa.test.loginpagetest2@2e6a8155]" started-at="2023-05-26T18:32:58 IST" name="setup" finished-at="2023-05-26T18:33:00 IST" duration-ms="2407" status="PASS">
          <reporter-output>
          </reporter-output>
        </test-method> <!-- setup -->
        <test-method retried="true" signature="verifyLoginBtnWithValidDataAndInvalidData(java.lang.String,java.lang.String)[pri:0, instance:com.opencart.qa.test.loginpagetest2@2e6a8155]" started-at="2023-05-26T18:33:00 IST" name="verifyLoginBtnWithValidDataAndInvalidData" data-provider="login credentials" finished-at="2023-05-26T18:33:00 IST" duration-ms="98" status="SKIP">
          <params>
            <param index="0">
              <value is-null="true"/>
            </param>
            <param index="1">
              <value is-null="true"/>
            </param>
          </params>
          <exception class="java.lang.IllegalArgumentException">
            <message>
              <![CDATA[Keys to send should be a not null CharSequence]]>
            </message>
            <full-stacktrace>
              <![CDATA[java.lang.IllegalArgumentException: Keys to send should be a not null CharSequence
at org.openqa.selenium.remote.RemoteWebElement.sendKeys(RemoteWebElement.java:98)
at com.opencart.qa.pages.loginpage.setEmail(loginpage.java:23)
at com.opencart.qa.pages.loginpage.openCartLogin(loginpage.java:42)
at com.opencart.qa.test.loginpagetest2.verifyLoginBtnWithValidDataAndInvalidData(loginpagetest2.java:41)
at java.base/jdk.internal.reflect.NativeMethodAccessorImpl.invoke0(Native Method)
at java.base/jdk.internal.reflect.NativeMethodAccessorImpl.invoke(NativeMethodAccessorImpl.java:62)
at java.base/jdk.internal.reflect.DelegatingMethodAccessorImpl.invoke(DelegatingMethodAccessorImpl.java:43)
at java.base/java.lang.reflect.Method.invoke(Method.java:566)
at org.testng.internal.MethodInvocationHelper.invokeMethod(MethodInvocationHelper.java:133)
at org.testng.internal.TestInvoker.invokeMethod(TestInvoker.java:598)
at org.testng.internal.TestInvoker.retryFailed(TestInvoker.java:213)
at org.testng.internal.MethodRunner.runInSequence(MethodRunner.java:58)
at org.testng.internal.TestInvoker$MethodInvocationAgent.invoke(TestInvoker.java:824)
at org.testng.internal.TestInvoker.invokeTestMethods(TestInvoker.java:146)
at org.testng.internal.TestMethodWorker.invokeTestMethods(TestMethodWorker.java:146)
at org.testng.internal.TestMethodWorker.run(TestMethodWorker.java:128)
at java.base/java.util.ArrayList.forEach(ArrayList.java:1541)
at org.testng.TestRunner.privateRun(TestRunner.java:794)
at org.testng.TestRunner.run(TestRunner.java:596)
at org.testng.SuiteRunner.runTest(SuiteRunner.java:377)
at org.testng.SuiteRunner.runSequentially(SuiteRunner.java:371)
at org.testng.SuiteRunner.privateRun(SuiteRunner.java:332)
at org.testng.SuiteRunner.run(SuiteRunner.java:276)
at org.testng.SuiteRunnerWorker.runSuite(SuiteRunnerWorker.java:53)
at org.testng.SuiteRunnerWorker.run(SuiteRunnerWorker.java:96)
at org.testng.TestNG.runSuitesSequentially(TestNG.java:1212)
at org.testng.TestNG.runSuitesSequentially(TestNG.java:1207)
at org.testng.TestNG.runSuitesLocally(TestNG.java:1134)
at org.testng.TestNG.runSuites(TestNG.java:1063)
at org.testng.TestNG.run(TestNG.java:1031)
at org.apache.maven.surefire.testng.TestNGExecutor.run(TestNGExecutor.java:308)
at org.apache.maven.surefire.testng.TestNGXmlTestSuite.execute(TestNGXmlTestSuite.java:71)
at org.apache.maven.surefire.testng.TestNGProvider.invoke(TestNGProvider.java:113)
at org.apache.maven.surefire.booter.ForkedBooter.runSuitesInProcess(ForkedBooter.java:385)
at org.apache.maven.surefire.booter.ForkedBooter.execute(ForkedBooter.java:162)
at org.apache.maven.surefire.booter.ForkedBooter.run(ForkedBooter.java:507)
at org.apache.maven.surefire.booter.ForkedBooter.main(ForkedBooter.java:495)
]]>
            </full-stacktrace>
          </exception> <!-- java.lang.IllegalArgumentException -->
          <reporter-output>
          </reporter-output>
        </test-method> <!-- verifyLoginBtnWithValidDataAndInvalidData -->
        <test-method is-config="true" signature="tearDown()[pri:0, instance:com.opencart.qa.test.loginpagetest2@2e6a8155]" started-at="2023-05-26T18:33:00 IST" name="tearDown" finished-at="2023-05-26T18:33:00 IST" duration-ms="90" status="PASS">
          <reporter-output>
          </reporter-output>
        </test-method> <!-- tearDown -->
        <test-method is-config="true" signature="setup()[pri:0, instance:com.opencart.qa.test.loginpagetest2@2e6a8155]" started-at="2023-05-26T18:33:00 IST" name="setup" finished-at="2023-05-26T18:33:03 IST" duration-ms="2523" status="PASS">
          <reporter-output>
          </reporter-output>
        </test-method> <!-- setup -->
        <test-method retried="true" signature="verifyLoginBtnWithValidDataAndInvalidData(java.lang.String,java.lang.String)[pri:0, instance:com.opencart.qa.test.loginpagetest2@2e6a8155]" started-at="2023-05-26T18:33:03 IST" name="verifyLoginBtnWithValidDataAndInvalidData" data-provider="login credentials" finished-at="2023-05-26T18:33:03 IST" duration-ms="106" status="SKIP">
          <params>
            <param index="0">
              <value is-null="true"/>
            </param>
            <param index="1">
              <value is-null="true"/>
            </param>
          </params>
          <exception class="java.lang.IllegalArgumentException">
            <message>
              <![CDATA[Keys to send should be a not null CharSequence]]>
            </message>
            <full-stacktrace>
              <![CDATA[java.lang.IllegalArgumentException: Keys to send should be a not null CharSequence
at org.openqa.selenium.remote.RemoteWebElement.sendKeys(RemoteWebElement.java:98)
at com.opencart.qa.pages.loginpage.setEmail(loginpage.java:23)
at com.opencart.qa.pages.loginpage.openCartLogin(loginpage.java:42)
at com.opencart.qa.test.loginpagetest2.verifyLoginBtnWithValidDataAndInvalidData(loginpagetest2.java:41)
at java.base/jdk.internal.reflect.NativeMethodAccessorImpl.invoke0(Native Method)
at java.base/jdk.internal.reflect.NativeMethodAccessorImpl.invoke(NativeMethodAccessorImpl.java:62)
at java.base/jdk.internal.reflect.DelegatingMethodAccessorImpl.invoke(DelegatingMethodAccessorImpl.java:43)
at java.base/java.lang.reflect.Method.invoke(Method.java:566)
at org.testng.internal.MethodInvocationHelper.invokeMethod(MethodInvocationHelper.java:133)
at org.testng.internal.TestInvoker.invokeMethod(TestInvoker.java:598)
at org.testng.internal.TestInvoker.retryFailed(TestInvoker.java:213)
at org.testng.internal.MethodRunner.runInSequence(MethodRunner.java:58)
at org.testng.internal.TestInvoker$MethodInvocationAgent.invoke(TestInvoker.java:824)
at org.testng.internal.TestInvoker.invokeTestMethods(TestInvoker.java:146)
at org.testng.internal.TestMethodWorker.invokeTestMethods(TestMethodWorker.java:146)
at org.testng.internal.TestMethodWorker.run(TestMethodWorker.java:128)
at java.base/java.util.ArrayList.forEach(ArrayList.java:1541)
at org.testng.TestRunner.privateRun(TestRunner.java:794)
at org.testng.TestRunner.run(TestRunner.java:596)
at org.testng.SuiteRunner.runTest(SuiteRunner.java:377)
at org.testng.SuiteRunner.runSequentially(SuiteRunner.java:371)
at org.testng.SuiteRunner.privateRun(SuiteRunner.java:332)
at org.testng.SuiteRunner.run(SuiteRunner.java:276)
at org.testng.SuiteRunnerWorker.runSuite(SuiteRunnerWorker.java:53)
at org.testng.SuiteRunnerWorker.run(SuiteRunnerWorker.java:96)
at org.testng.TestNG.runSuitesSequentially(TestNG.java:1212)
at org.testng.TestNG.runSuitesSequentially(TestNG.java:1207)
at org.testng.TestNG.runSuitesLocally(TestNG.java:1134)
at org.testng.TestNG.runSuites(TestNG.java:1063)
at org.testng.TestNG.run(TestNG.java:1031)
at org.apache.maven.surefire.testng.TestNGExecutor.run(TestNGExecutor.java:308)
at org.apache.maven.surefire.testng.TestNGXmlTestSuite.execute(TestNGXmlTestSuite.java:71)
at org.apache.maven.surefire.testng.TestNGProvider.invoke(TestNGProvider.java:113)
at org.apache.maven.surefire.booter.ForkedBooter.runSuitesInProcess(ForkedBooter.java:385)
at org.apache.maven.surefire.booter.ForkedBooter.execute(ForkedBooter.java:162)
at org.apache.maven.surefire.booter.ForkedBooter.run(ForkedBooter.java:507)
at org.apache.maven.surefire.booter.ForkedBooter.main(ForkedBooter.java:495)
]]>
            </full-stacktrace>
          </exception> <!-- java.lang.IllegalArgumentException -->
          <reporter-output>
          </reporter-output>
        </test-method> <!-- verifyLoginBtnWithValidDataAndInvalidData -->
        <test-method is-config="true" signature="tearDown()[pri:0, instance:com.opencart.qa.test.loginpagetest2@2e6a8155]" started-at="2023-05-26T18:33:03 IST" name="tearDown" finished-at="2023-05-26T18:33:03 IST" duration-ms="136" status="PASS">
          <reporter-output>
          </reporter-output>
        </test-method> <!-- tearDown -->
        <test-method is-config="true" signature="setup()[pri:0, instance:com.opencart.qa.test.loginpagetest2@2e6a8155]" started-at="2023-05-26T18:33:03 IST" name="setup" finished-at="2023-05-26T18:33:08 IST" duration-ms="4363" status="PASS">
          <reporter-output>
          </reporter-output>
        </test-method> <!-- setup -->
        <test-method retried="true" signature="verifyLoginBtnWithValidDataAndInvalidData(java.lang.String,java.lang.String)[pri:0, instance:com.opencart.qa.test.loginpagetest2@2e6a8155]" started-at="2023-05-26T18:33:08 IST" name="verifyLoginBtnWithValidDataAndInvalidData" data-provider="login credentials" finished-at="2023-05-26T18:33:08 IST" duration-ms="81" status="SKIP">
          <params>
            <param index="0">
              <value is-null="true"/>
            </param>
            <param index="1">
              <value is-null="true"/>
            </param>
          </params>
          <exception class="java.lang.IllegalArgumentException">
            <message>
              <![CDATA[Keys to send should be a not null CharSequence]]>
            </message>
            <full-stacktrace>
              <![CDATA[java.lang.IllegalArgumentException: Keys to send should be a not null CharSequence
at org.openqa.selenium.remote.RemoteWebElement.sendKeys(RemoteWebElement.java:98)
at com.opencart.qa.pages.loginpage.setEmail(loginpage.java:23)
at com.opencart.qa.pages.loginpage.openCartLogin(loginpage.java:42)
at com.opencart.qa.test.loginpagetest2.verifyLoginBtnWithValidDataAndInvalidData(loginpagetest2.java:41)
at java.base/jdk.internal.reflect.NativeMethodAccessorImpl.invoke0(Native Method)
at java.base/jdk.internal.reflect.NativeMethodAccessorImpl.invoke(NativeMethodAccessorImpl.java:62)
at java.base/jdk.internal.reflect.DelegatingMethodAccessorImpl.invoke(DelegatingMethodAccessorImpl.java:43)
at java.base/java.lang.reflect.Method.invoke(Method.java:566)
at org.testng.internal.MethodInvocationHelper.invokeMethod(MethodInvocationHelper.java:133)
at org.testng.internal.TestInvoker.invokeMethod(TestInvoker.java:598)
at org.testng.internal.TestInvoker.retryFailed(TestInvoker.java:213)
at org.testng.internal.MethodRunner.runInSequence(MethodRunner.java:58)
at org.testng.internal.TestInvoker$MethodInvocationAgent.invoke(TestInvoker.java:824)
at org.testng.internal.TestInvoker.invokeTestMethods(TestInvoker.java:146)
at org.testng.internal.TestMethodWorker.invokeTestMethods(TestMethodWorker.java:146)
at org.testng.internal.TestMethodWorker.run(TestMethodWorker.java:128)
at java.base/java.util.ArrayList.forEach(ArrayList.java:1541)
at org.testng.TestRunner.privateRun(TestRunner.java:794)
at org.testng.TestRunner.run(TestRunner.java:596)
at org.testng.SuiteRunner.runTest(SuiteRunner.java:377)
at org.testng.SuiteRunner.runSequentially(SuiteRunner.java:371)
at org.testng.SuiteRunner.privateRun(SuiteRunner.java:332)
at org.testng.SuiteRunner.run(SuiteRunner.java:276)
at org.testng.SuiteRunnerWorker.runSuite(SuiteRunnerWorker.java:53)
at org.testng.SuiteRunnerWorker.run(SuiteRunnerWorker.java:96)
at org.testng.TestNG.runSuitesSequentially(TestNG.java:1212)
at org.testng.TestNG.runSuitesSequentially(TestNG.java:1207)
at org.testng.TestNG.runSuitesLocally(TestNG.java:1134)
at org.testng.TestNG.runSuites(TestNG.java:1063)
at org.testng.TestNG.run(TestNG.java:1031)
at org.apache.maven.surefire.testng.TestNGExecutor.run(TestNGExecutor.java:308)
at org.apache.maven.surefire.testng.TestNGXmlTestSuite.execute(TestNGXmlTestSuite.java:71)
at org.apache.maven.surefire.testng.TestNGProvider.invoke(TestNGProvider.java:113)
at org.apache.maven.surefire.booter.ForkedBooter.runSuitesInProcess(ForkedBooter.java:385)
at org.apache.maven.surefire.booter.ForkedBooter.execute(ForkedBooter.java:162)
at org.apache.maven.surefire.booter.ForkedBooter.run(ForkedBooter.java:507)
at org.apache.maven.surefire.booter.ForkedBooter.main(ForkedBooter.java:495)
]]>
            </full-stacktrace>
          </exception> <!-- java.lang.IllegalArgumentException -->
          <reporter-output>
          </reporter-output>
        </test-method> <!-- verifyLoginBtnWithValidDataAndInvalidData -->
        <test-method is-config="true" signature="tearDown()[pri:0, instance:com.opencart.qa.test.loginpagetest2@2e6a8155]" started-at="2023-05-26T18:33:08 IST" name="tearDown" finished-at="2023-05-26T18:33:08 IST" duration-ms="102" status="PASS">
          <reporter-output>
          </reporter-output>
        </test-method> <!-- tearDown -->
        <test-method is-config="true" signature="setup()[pri:0, instance:com.opencart.qa.test.loginpagetest2@2e6a8155]" started-at="2023-05-26T18:33:08 IST" name="setup" finished-at="2023-05-26T18:33:12 IST" duration-ms="3722" status="PASS">
          <reporter-output>
          </reporter-output>
        </test-method> <!-- setup -->
        <test-method signature="verifyLoginBtnWithValidDataAndInvalidData(java.lang.String,java.lang.String)[pri:0, instance:com.opencart.qa.test.loginpagetest2@2e6a8155]" started-at="2023-05-26T18:33:12 IST" name="verifyLoginBtnWithValidDataAndInvalidData" data-provider="login credentials" finished-at="2023-05-26T18:33:12 IST" duration-ms="77" status="FAIL">
          <params>
            <param index="0">
              <value is-null="true"/>
            </param>
            <param index="1">
              <value is-null="true"/>
            </param>
          </params>
          <exception class="java.lang.IllegalArgumentException">
            <message>
              <![CDATA[Keys to send should be a not null CharSequence]]>
            </message>
            <full-stacktrace>
              <![CDATA[java.lang.IllegalArgumentException: Keys to send should be a not null CharSequence
at org.openqa.selenium.remote.RemoteWebElement.sendKeys(RemoteWebElement.java:98)
at com.opencart.qa.pages.loginpage.setEmail(loginpage.java:23)
at com.opencart.qa.pages.loginpage.openCartLogin(loginpage.java:42)
at com.opencart.qa.test.loginpagetest2.verifyLoginBtnWithValidDataAndInvalidData(loginpagetest2.java:41)
at java.base/jdk.internal.reflect.NativeMethodAccessorImpl.invoke0(Native Method)
at java.base/jdk.internal.reflect.NativeMethodAccessorImpl.invoke(NativeMethodAccessorImpl.java:62)
at java.base/jdk.internal.reflect.DelegatingMethodAccessorImpl.invoke(DelegatingMethodAccessorImpl.java:43)
at java.base/java.lang.reflect.Method.invoke(Method.java:566)
at org.testng.internal.MethodInvocationHelper.invokeMethod(MethodInvocationHelper.java:133)
at org.testng.internal.TestInvoker.invokeMethod(TestInvoker.java:598)
at org.testng.internal.TestInvoker.retryFailed(TestInvoker.java:213)
at org.testng.internal.MethodRunner.runInSequence(MethodRunner.java:58)
at org.testng.internal.TestInvoker$MethodInvocationAgent.invoke(TestInvoker.java:824)
at org.testng.internal.TestInvoker.invokeTestMethods(TestInvoker.java:146)
at org.testng.internal.TestMethodWorker.invokeTestMethods(TestMethodWorker.java:146)
at org.testng.internal.TestMethodWorker.run(TestMethodWorker.java:128)
at java.base/java.util.ArrayList.forEach(ArrayList.java:1541)
at org.testng.TestRunner.privateRun(TestRunner.java:794)
at org.testng.TestRunner.run(TestRunner.java:596)
at org.testng.SuiteRunner.runTest(SuiteRunner.java:377)
at org.testng.SuiteRunner.runSequentially(SuiteRunner.java:371)
at org.testng.SuiteRunner.privateRun(SuiteRunner.java:332)
at org.testng.SuiteRunner.run(SuiteRunner.java:276)
at org.testng.SuiteRunnerWorker.runSuite(SuiteRunnerWorker.java:53)
at org.testng.SuiteRunnerWorker.run(SuiteRunnerWorker.java:96)
at org.testng.TestNG.runSuitesSequentially(TestNG.java:1212)
at org.testng.TestNG.runSuitesSequentially(TestNG.java:1207)
at org.testng.TestNG.runSuitesLocally(TestNG.java:1134)
at org.testng.TestNG.runSuites(TestNG.java:1063)
at org.testng.TestNG.run(TestNG.java:1031)
at org.apache.maven.surefire.testng.TestNGExecutor.run(TestNGExecutor.java:308)
at org.apache.maven.surefire.testng.TestNGXmlTestSuite.execute(TestNGXmlTestSuite.java:71)
at org.apache.maven.surefire.testng.TestNGProvider.invoke(TestNGProvider.java:113)
at org.apache.maven.surefire.booter.ForkedBooter.runSuitesInProcess(ForkedBooter.java:385)
at org.apache.maven.surefire.booter.ForkedBooter.execute(ForkedBooter.java:162)
at org.apache.maven.surefire.booter.ForkedBooter.run(ForkedBooter.java:507)
at org.apache.maven.surefire.booter.ForkedBooter.main(ForkedBooter.java:495)
]]>
            </full-stacktrace>
          </exception> <!-- java.lang.IllegalArgumentException -->
          <reporter-output>
          </reporter-output>
        </test-method> <!-- verifyLoginBtnWithValidDataAndInvalidData -->
        <test-method is-config="true" signature="tearDown()[pri:0, instance:com.opencart.qa.test.loginpagetest2@2e6a8155]" started-at="2023-05-26T18:33:12 IST" name="tearDown" finished-at="2023-05-26T18:33:12 IST" duration-ms="89" status="PASS">
          <reporter-output>
          </reporter-output>
        </test-method> <!-- tearDown -->
      </class> <!-- com.opencart.qa.test.loginpagetest2 -->
      <class name="com.opencart.qa.test.loginpagetest">
        <test-method is-config="true" signature="setup()[pri:0, instance:com.opencart.qa.test.loginpagetest@66f57048]" started-at="2023-05-26T18:32:19 IST" name="setup" finished-at="2023-05-26T18:32:30 IST" duration-ms="10366" status="PASS">
          <reporter-output>
          </reporter-output>
        </test-method> <!-- setup -->
        <test-method signature="verifyLoginBtnWithInValidData()[pri:0, instance:com.opencart.qa.test.loginpagetest@66f57048]" started-at="2023-05-26T18:32:30 IST" name="verifyLoginBtnWithInValidData" finished-at="2023-05-26T18:32:31 IST" duration-ms="1437" status="PASS">
          <reporter-output>
          </reporter-output>
        </test-method> <!-- verifyLoginBtnWithInValidData -->
        <test-method is-config="true" signature="tearDown()[pri:0, instance:com.opencart.qa.test.loginpagetest@66f57048]" started-at="2023-05-26T18:32:31 IST" name="tearDown" finished-at="2023-05-26T18:32:31 IST" duration-ms="193" status="PASS">
          <reporter-output>
          </reporter-output>
        </test-method> <!-- tearDown -->
        <test-method is-config="true" signature="setup()[pri:0, instance:com.opencart.qa.test.loginpagetest@66f57048]" started-at="2023-05-26T18:32:31 IST" name="setup" finished-at="2023-05-26T18:32:34 IST" duration-ms="2881" status="PASS">
          <reporter-output>
          </reporter-output>
        </test-method> <!-- setup -->
        <test-method signature="verifyLoginBtnWithValidData()[pri:0, instance:com.opencart.qa.test.loginpagetest@66f57048]" started-at="2023-05-26T18:32:34 IST" name="verifyLoginBtnWithValidData" finished-at="2023-05-26T18:32:36 IST" duration-ms="1463" status="PASS">
          <reporter-output>
          </reporter-output>
        </test-method> <!-- verifyLoginBtnWithValidData -->
        <test-method is-config="true" signature="tearDown()[pri:0, instance:com.opencart.qa.test.loginpagetest@66f57048]" started-at="2023-05-26T18:32:36 IST" name="tearDown" finished-at="2023-05-26T18:32:36 IST" duration-ms="100" status="PASS">
          <reporter-output>
          </reporter-output>
        </test-method> <!-- tearDown -->
      </class> <!-- com.opencart.qa.test.loginpagetest -->
    </test> <!-- Test -->
  </suite> <!-- TutorialsNinjaTestCases.login -->
  <suite started-at="2023-05-26T18:33:12 IST" name="TutorialsNinjaTestCases.dashboard" finished-at="2023-05-26T18:33:22 IST" duration-ms="9704">
    <groups>
    </groups>
    <test started-at="2023-05-26T18:33:12 IST" name="Test" finished-at="2023-05-26T18:33:22 IST" duration-ms="9704">
      <class name="com.opencart.qa.test.dashboardTest">
        <test-method is-config="true" signature="setup()[pri:0, instance:com.opencart.qa.test.dashboardTest@6e6f2380]" started-at="2023-05-26T18:33:12 IST" name="setup" finished-at="2023-05-26T18:33:15 IST" duration-ms="3583" status="PASS">
          <reporter-output>
          </reporter-output>
        </test-method> <!-- setup -->
        <test-method signature="verifyLoginBtnWithValidData()[pri:0, instance:com.opencart.qa.test.dashboardTest@6e6f2380]" started-at="2023-05-26T18:33:15 IST" name="verifyLoginBtnWithValidData" finished-at="2023-05-26T18:33:17 IST" duration-ms="1330" status="PASS">
          <reporter-output>
          </reporter-output>
        </test-method> <!-- verifyLoginBtnWithValidData -->
        <test-method signature="VerifySeachBoxWithValidText()[pri:0, instance:com.opencart.qa.test.dashboardTest@6e6f2380]" started-at="2023-05-26T18:33:17 IST" name="VerifySeachBoxWithValidText" finished-at="2023-05-26T18:33:17 IST" depends-on-methods="com.opencart.qa.test.dashboardTest.verifyLoginBtnWithValidData" duration-ms="307" status="PASS">
          <reporter-output>
          </reporter-output>
        </test-method> <!-- VerifySeachBoxWithValidText -->
        <test-method is-config="true" signature="teardown()[pri:0, instance:com.opencart.qa.test.dashboardTest@6e6f2380]" started-at="2023-05-26T18:33:17 IST" name="teardown" finished-at="2023-05-26T18:33:17 IST" duration-ms="114" status="PASS">
          <reporter-output>
          </reporter-output>
        </test-method> <!-- teardown -->
      </class> <!-- com.opencart.qa.test.dashboardTest -->
      <class name="com.opencart.qa.test.dashboardTest2">
        <test-method is-config="true" signature="setup()[pri:0, instance:com.opencart.qa.test.dashboardTest2@76a4ebf2]" started-at="2023-05-26T18:33:17 IST" name="setup" finished-at="2023-05-26T18:33:20 IST" duration-ms="2715" status="PASS">
          <reporter-output>
          </reporter-output>
        </test-method> <!-- setup -->
        <test-method signature="verifyLoginBtnWithValidData()[pri:0, instance:com.opencart.qa.test.dashboardTest2@76a4ebf2]" started-at="2023-05-26T18:33:20 IST" name="verifyLoginBtnWithValidData" finished-at="2023-05-26T18:33:21 IST" duration-ms="1296" status="PASS">
          <reporter-output>
          </reporter-output>
        </test-method> <!-- verifyLoginBtnWithValidData -->
        <test-method signature="VerifySeachBoxWithInValidText()[pri:0, instance:com.opencart.qa.test.dashboardTest2@76a4ebf2]" started-at="2023-05-26T18:33:21 IST" name="VerifySeachBoxWithInValidText" finished-at="2023-05-26T18:33:21 IST" depends-on-methods="com.opencart.qa.test.dashboardTest2.verifyLoginBtnWithValidData" duration-ms="230" status="PASS">
          <reporter-output>
          </reporter-output>
        </test-method> <!-- VerifySeachBoxWithInValidText -->
        <test-method is-config="true" signature="teardown()[pri:0, instance:com.opencart.qa.test.dashboardTest2@76a4ebf2]" started-at="2023-05-26T18:33:21 IST" name="teardown" finished-at="2023-05-26T18:33:22 IST" duration-ms="120" status="PASS">
          <reporter-output>
          </reporter-output>
        </test-method> <!-- teardown -->
      </class> <!-- com.opencart.qa.test.dashboardTest2 -->
    </test> <!-- Test -->
  </suite> <!-- TutorialsNinjaTestCases.dashboard -->
</testng-results>
