<?xml version="1.0" encoding="UTF-8"?>
<!-- Generated by org.testng.reporters.JUnitXMLReporter -->
<testsuite ignored="0" hostname="DESKTOP-R02UI3U" failures="0" tests="6" name="Test" time="5.068" errors="0" timestamp="2023-05-23T16:07:23 IST">
  <testcase classname="com.nopcommerce.testscripts.Dashboardtest2" name="@BeforeClass setup" time="1.29">
    <failure type="org.openqa.selenium.remote.http.ConnectionFailedException" message="Unable to establish websocket connection to http://localhost:52011/devtools/browser/2477df85-1004-44e2-a363-3bbad8f30418
Build info: version: &amp;apos;4.4.0&amp;apos;, revision: &amp;apos;e5c75ed026a&amp;apos;
System info: host: &amp;apos;DESKTOP-R02UI3U&amp;apos;, ip: &amp;apos;192.168.1.12&amp;apos;, os.name: &amp;apos;Windows 10&amp;apos;, os.arch: &amp;apos;amd64&amp;apos;, os.version: &amp;apos;10.0&amp;apos;, java.version: &amp;apos;17.0.6&amp;apos;
Driver info: driver.version: ChromeDriver">
      <![CDATA[org.openqa.selenium.remote.http.ConnectionFailedException: Unable to establish websocket connection to http://localhost:52011/devtools/browser/2477df85-1004-44e2-a363-3bbad8f30418
Build info: version: '4.4.0', revision: 'e5c75ed026a'
System info: host: 'DESKTOP-R02UI3U', ip: '192.168.1.12', os.name: 'Windows 10', os.arch: 'amd64', os.version: '10.0', java.version: '17.0.6'
Driver info: driver.version: ChromeDriver
at org.openqa.selenium.remote.http.netty.NettyWebSocket.<init>(NettyWebSocket.java:102)
at org.openqa.selenium.remote.http.netty.NettyWebSocket.lambda$create$3(NettyWebSocket.java:128)
at org.openqa.selenium.remote.http.netty.NettyClient.openSocket(NettyClient.java:106)
at org.openqa.selenium.devtools.Connection.<init>(Connection.java:77)
at org.openqa.selenium.chromium.ChromiumDriver.lambda$new$2(ChromiumDriver.java:116)
at java.base/java.util.Optional.map(Optional.java:260)
at org.openqa.selenium.chromium.ChromiumDriver.<init>(ChromiumDriver.java:114)
at org.openqa.selenium.chrome.ChromeDriver.<init>(ChromeDriver.java:81)
at org.openqa.selenium.chrome.ChromeDriver.<init>(ChromeDriver.java:49)
at com.nopcommerce.utils.Browser.launchbrowser(Browser.java:14)
at com.nopcommerce.testscripts.Dashboardtest2.setup(Dashboardtest2.java:31)
at java.base/java.util.ArrayList.forEach(ArrayList.java:1511)
... Removed 26 stack frames]]>
    </failure>
  </testcase> <!-- @BeforeClass setup -->
  <testcase classname="com.nopcommerce.testscripts.Dashboardtest2" name="@AfterClass teardown" time="-1.684838239995E9">
    <skipped/>
  </testcase> <!-- @AfterClass teardown -->
  <testcase classname="com.nopcommerce.testscripts.dashboardtest" name="@BeforeClass setup" time="1.607">
    <failure type="org.openqa.selenium.remote.http.ConnectionFailedException" message="Unable to establish websocket connection to http://localhost:52026/devtools/browser/69dfb6e8-7728-4f4f-a774-57894b7cac90
Build info: version: &amp;apos;4.4.0&amp;apos;, revision: &amp;apos;e5c75ed026a&amp;apos;
System info: host: &amp;apos;DESKTOP-R02UI3U&amp;apos;, ip: &amp;apos;192.168.1.12&amp;apos;, os.name: &amp;apos;Windows 10&amp;apos;, os.arch: &amp;apos;amd64&amp;apos;, os.version: &amp;apos;10.0&amp;apos;, java.version: &amp;apos;17.0.6&amp;apos;
Driver info: driver.version: ChromeDriver">
      <![CDATA[org.openqa.selenium.remote.http.ConnectionFailedException: Unable to establish websocket connection to http://localhost:52026/devtools/browser/69dfb6e8-7728-4f4f-a774-57894b7cac90
Build info: version: '4.4.0', revision: 'e5c75ed026a'
System info: host: 'DESKTOP-R02UI3U', ip: '192.168.1.12', os.name: 'Windows 10', os.arch: 'amd64', os.version: '10.0', java.version: '17.0.6'
Driver info: driver.version: ChromeDriver
at org.openqa.selenium.remote.http.netty.NettyWebSocket.<init>(NettyWebSocket.java:102)
at org.openqa.selenium.remote.http.netty.NettyWebSocket.lambda$create$3(NettyWebSocket.java:128)
at org.openqa.selenium.remote.http.netty.NettyClient.openSocket(NettyClient.java:106)
at org.openqa.selenium.devtools.Connection.<init>(Connection.java:77)
at org.openqa.selenium.chromium.ChromiumDriver.lambda$new$2(ChromiumDriver.java:116)
at java.base/java.util.Optional.map(Optional.java:260)
at org.openqa.selenium.chromium.ChromiumDriver.<init>(ChromiumDriver.java:114)
at org.openqa.selenium.chrome.ChromeDriver.<init>(ChromeDriver.java:81)
at org.openqa.selenium.chrome.ChromeDriver.<init>(ChromeDriver.java:49)
at com.nopcommerce.utils.Browser.launchbrowser(Browser.java:14)
at com.nopcommerce.testscripts.dashboardtest.setup(dashboardtest.java:31)
at java.base/java.util.ArrayList.forEach(ArrayList.java:1511)
... Removed 26 stack frames]]>
    </failure>
  </testcase> <!-- @BeforeClass setup -->
  <testcase classname="com.nopcommerce.testscripts.dashboardtest" name="@AfterClass teardown" time="-1.684838241616E9">
    <skipped/>
  </testcase> <!-- @AfterClass teardown -->
  <testcase classname="com.nopcommerce.testscripts.dashboardtest3" name="@BeforeClass setup" time="2.112">
    <failure type="org.openqa.selenium.remote.http.ConnectionFailedException" message="Unable to establish websocket connection to http://localhost:52041/devtools/browser/e30790ce-25a1-4921-b6cf-39529d788a7d
Build info: version: &amp;apos;4.4.0&amp;apos;, revision: &amp;apos;e5c75ed026a&amp;apos;
System info: host: &amp;apos;DESKTOP-R02UI3U&amp;apos;, ip: &amp;apos;192.168.1.12&amp;apos;, os.name: &amp;apos;Windows 10&amp;apos;, os.arch: &amp;apos;amd64&amp;apos;, os.version: &amp;apos;10.0&amp;apos;, java.version: &amp;apos;17.0.6&amp;apos;
Driver info: driver.version: ChromeDriver">
      <![CDATA[org.openqa.selenium.remote.http.ConnectionFailedException: Unable to establish websocket connection to http://localhost:52041/devtools/browser/e30790ce-25a1-4921-b6cf-39529d788a7d
Build info: version: '4.4.0', revision: 'e5c75ed026a'
System info: host: 'DESKTOP-R02UI3U', ip: '192.168.1.12', os.name: 'Windows 10', os.arch: 'amd64', os.version: '10.0', java.version: '17.0.6'
Driver info: driver.version: ChromeDriver
at org.openqa.selenium.remote.http.netty.NettyWebSocket.<init>(NettyWebSocket.java:102)
at org.openqa.selenium.remote.http.netty.NettyWebSocket.lambda$create$3(NettyWebSocket.java:128)
at org.openqa.selenium.remote.http.netty.NettyClient.openSocket(NettyClient.java:106)
at org.openqa.selenium.devtools.Connection.<init>(Connection.java:77)
at org.openqa.selenium.chromium.ChromiumDriver.lambda$new$2(ChromiumDriver.java:116)
at java.base/java.util.Optional.map(Optional.java:260)
at org.openqa.selenium.chromium.ChromiumDriver.<init>(ChromiumDriver.java:114)
at org.openqa.selenium.chrome.ChromeDriver.<init>(ChromeDriver.java:81)
at org.openqa.selenium.chrome.ChromeDriver.<init>(ChromeDriver.java:49)
at com.nopcommerce.utils.Browser.launchbrowser(Browser.java:14)
at com.nopcommerce.testscripts.dashboardtest3.setup(dashboardtest3.java:28)
at java.base/java.util.ArrayList.forEach(ArrayList.java:1511)
... Removed 26 stack frames]]>
    </failure>
  </testcase> <!-- @BeforeClass setup -->
  <testcase classname="com.nopcommerce.testscripts.dashboardtest3" name="@AfterClass teardown" time="-1.684838243744E9">
    <skipped/>
  </testcase> <!-- @AfterClass teardown -->
  <testcase classname="com.nopcommerce.testscripts.Dashboardtest2" name="VerifyLoginBtnFunctunalityWithValidData" time="0.0">
    <skipped/>
  </testcase> <!-- VerifyLoginBtnFunctunalityWithValidData -->
  <testcase classname="com.nopcommerce.testscripts.Dashboardtest2" name="verifysearchboxwithInValidData" time="0.0">
    <skipped/>
  </testcase> <!-- verifysearchboxwithInValidData -->
  <testcase classname="com.nopcommerce.testscripts.dashboardtest" name="VerifyLoginBtnFunctunalityWithValidData" time="0.0">
    <skipped/>
  </testcase> <!-- VerifyLoginBtnFunctunalityWithValidData -->
  <testcase classname="com.nopcommerce.testscripts.dashboardtest" name="verifysearchboxwithValidData" time="0.0">
    <skipped/>
  </testcase> <!-- verifysearchboxwithValidData -->
  <testcase classname="com.nopcommerce.testscripts.dashboardtest3" name="VerifyLoginBtnWithValidData" time="0.0">
    <skipped/>
  </testcase> <!-- VerifyLoginBtnWithValidData -->
  <testcase classname="com.nopcommerce.testscripts.dashboardtest3" name="verifysearchboxwithPartialData" time="0.0">
    <skipped/>
  </testcase> <!-- verifysearchboxwithPartialData -->
</testsuite> <!-- Test -->
