<?xml version="1.0" encoding="UTF-8"?>
<testng-results retried="4" ignored="0" total="16" passed="11" failed="1" skipped="0">
  <reporter-output>
  </reporter-output>
  <suite started-at="2023-05-26T17:52:23 IST" name="tutorialsNinja.logindata" finished-at="2023-05-26T17:52:23 IST" duration-ms="0">
    <groups>
    </groups>
  </suite> <!-- tutorialsNinja.logindata -->
  <suite started-at="2023-05-26T17:52:20 IST" name="TutorialsNinjaTestCases.registration" finished-at="2023-05-26T17:52:23 IST" duration-ms="3300">
    <groups>
    </groups>
    <test started-at="2023-05-26T17:52:20 IST" name="Test" finished-at="2023-05-26T17:52:23 IST" duration-ms="3300">
      <class name="com.opencart.qa.test.Registrationtest">
        <test-method is-config="true" signature="setup()[pri:0, instance:com.opencart.qa.test.Registrationtest@6e9a5ed8]" started-at="2023-05-26T17:52:20 IST" name="setup" finished-at="2023-05-26T17:52:22 IST" duration-ms="2134" status="PASS">
          <reporter-output>
          </reporter-output>
        </test-method> <!-- setup -->
        <test-method signature="RegisterWithValidData()[pri:0, instance:com.opencart.qa.test.Registrationtest@6e9a5ed8]" started-at="2023-05-26T17:52:22 IST" name="RegisterWithValidData" finished-at="2023-05-26T17:52:23 IST" duration-ms="1033" status="PASS">
          <reporter-output>
          </reporter-output>
        </test-method> <!-- RegisterWithValidData -->
        <test-method is-config="true" signature="teardown()[pri:0, instance:com.opencart.qa.test.Registrationtest@6e9a5ed8]" started-at="2023-05-26T17:52:23 IST" name="teardown" finished-at="2023-05-26T17:52:23 IST" duration-ms="129" status="PASS">
          <reporter-output>
          </reporter-output>
        </test-method> <!-- teardown -->
      </class> <!-- com.opencart.qa.test.Registrationtest -->
    </test> <!-- Test -->
  </suite> <!-- TutorialsNinjaTestCases.registration -->
  <suite started-at="2023-05-26T17:51:34 IST" name="TutorialsNinjaTestCases.login" finished-at="2023-05-26T17:52:11 IST" duration-ms="36794">
    <groups>
    </groups>
    <test started-at="2023-05-26T17:51:34 IST" name="Test" finished-at="2023-05-26T17:52:11 IST" duration-ms="36794">
      <class name="com.opencart.qa.test.loginpagetest2">
        <test-method is-config="true" signature="setup()[pri:0, instance:com.opencart.qa.test.loginpagetest2@5d0bf09b]" started-at="2023-05-26T17:51:44 IST" name="setup" finished-at="2023-05-26T17:51:46 IST" duration-ms="1793" status="PASS">
          <reporter-output>
          </reporter-output>
        </test-method> <!-- setup -->
        <test-method signature="verifyLoginBtnWithValidDataAndInvalidData(java.lang.String,java.lang.String)[pri:0, instance:com.opencart.qa.test.loginpagetest2@5d0bf09b]" started-at="2023-05-26T17:51:46 IST" name="verifyLoginBtnWithValidDataAndInvalidData" data-provider="login credentials" finished-at="2023-05-26T17:51:47 IST" duration-ms="1002" status="PASS">
          <params>
            <param index="0">
              <value>
                <![CDATA[sree1234@gmail.com]]>
              </value>
            </param>
            <param index="1">
              <value>
                <![CDATA[vasu1234]]>
              </value>
            </param>
          </params>
          <reporter-output>
          </reporter-output>
        </test-method> <!-- verifyLoginBtnWithValidDataAndInvalidData -->
        <test-method is-config="true" signature="tearDown()[pri:0, instance:com.opencart.qa.test.loginpagetest2@5d0bf09b]" started-at="2023-05-26T17:51:47 IST" name="tearDown" finished-at="2023-05-26T17:51:47 IST" duration-ms="152" status="PASS">
          <reporter-output>
          </reporter-output>
        </test-method> <!-- tearDown -->
        <test-method is-config="true" signature="setup()[pri:0, instance:com.opencart.qa.test.loginpagetest2@5d0bf09b]" started-at="2023-05-26T17:51:47 IST" name="setup" finished-at="2023-05-26T17:51:49 IST" duration-ms="1842" status="PASS">
          <reporter-output>
          </reporter-output>
        </test-method> <!-- setup -->
        <test-method signature="verifyLoginBtnWithValidDataAndInvalidData(java.lang.String,java.lang.String)[pri:0, instance:com.opencart.qa.test.loginpagetest2@5d0bf09b]" started-at="2023-05-26T17:51:49 IST" name="verifyLoginBtnWithValidDataAndInvalidData" data-provider="login credentials" finished-at="2023-05-26T17:51:50 IST" duration-ms="885" status="PASS">
          <params>
            <param index="0">
              <value>
                <![CDATA[sree1234@gmail.co]]>
              </value>
            </param>
            <param index="1">
              <value>
                <![CDATA[vasu1234]]>
              </value>
            </param>
          </params>
          <reporter-output>
          </reporter-output>
        </test-method> <!-- verifyLoginBtnWithValidDataAndInvalidData -->
        <test-method is-config="true" signature="tearDown()[pri:0, instance:com.opencart.qa.test.loginpagetest2@5d0bf09b]" started-at="2023-05-26T17:51:50 IST" name="tearDown" finished-at="2023-05-26T17:51:50 IST" duration-ms="116" status="PASS">
          <reporter-output>
          </reporter-output>
        </test-method> <!-- tearDown -->
        <test-method is-config="true" signature="setup()[pri:0, instance:com.opencart.qa.test.loginpagetest2@5d0bf09b]" started-at="2023-05-26T17:51:50 IST" name="setup" finished-at="2023-05-26T17:51:53 IST" duration-ms="2790" status="PASS">
          <reporter-output>
          </reporter-output>
        </test-method> <!-- setup -->
        <test-method signature="verifyLoginBtnWithValidDataAndInvalidData(java.lang.String,java.lang.String)[pri:0, instance:com.opencart.qa.test.loginpagetest2@5d0bf09b]" started-at="2023-05-26T17:51:53 IST" name="verifyLoginBtnWithValidDataAndInvalidData" data-provider="login credentials" finished-at="2023-05-26T17:51:54 IST" duration-ms="990" status="PASS">
          <params>
            <param index="0">
              <value>
                <![CDATA[sree1234@gmail.com]]>
              </value>
            </param>
            <param index="1">
              <value>
                <![CDATA[vasu1234]]>
              </value>
            </param>
          </params>
          <reporter-output>
          </reporter-output>
        </test-method> <!-- verifyLoginBtnWithValidDataAndInvalidData -->
        <test-method is-config="true" signature="tearDown()[pri:0, instance:com.opencart.qa.test.loginpagetest2@5d0bf09b]" started-at="2023-05-26T17:51:54 IST" name="tearDown" finished-at="2023-05-26T17:51:54 IST" duration-ms="135" status="PASS">
          <reporter-output>
          </reporter-output>
        </test-method> <!-- tearDown -->
        <test-method is-config="true" signature="setup()[pri:0, instance:com.opencart.qa.test.loginpagetest2@5d0bf09b]" started-at="2023-05-26T17:51:54 IST" name="setup" finished-at="2023-05-26T17:51:56 IST" duration-ms="1814" status="PASS">
          <reporter-output>
          </reporter-output>
        </test-method> <!-- setup -->
        <test-method signature="verifyLoginBtnWithValidDataAndInvalidData(java.lang.String,java.lang.String)[pri:0, instance:com.opencart.qa.test.loginpagetest2@5d0bf09b]" started-at="2023-05-26T17:51:56 IST" name="verifyLoginBtnWithValidDataAndInvalidData" data-provider="login credentials" finished-at="2023-05-26T17:51:59 IST" duration-ms="3027" status="PASS">
          <params>
            <param index="0">
              <value>
                <![CDATA[sree1234@gmail.com]]>
              </value>
            </param>
            <param index="1">
              <value>
                <![CDATA[vasu1234]]>
              </value>
            </param>
          </params>
          <reporter-output>
          </reporter-output>
        </test-method> <!-- verifyLoginBtnWithValidDataAndInvalidData -->
        <test-method is-config="true" signature="tearDown()[pri:0, instance:com.opencart.qa.test.loginpagetest2@5d0bf09b]" started-at="2023-05-26T17:51:59 IST" name="tearDown" finished-at="2023-05-26T17:51:59 IST" duration-ms="128" status="PASS">
          <reporter-output>
          </reporter-output>
        </test-method> <!-- tearDown -->
        <test-method is-config="true" signature="setup()[pri:0, instance:com.opencart.qa.test.loginpagetest2@5d0bf09b]" started-at="2023-05-26T17:51:59 IST" name="setup" finished-at="2023-05-26T17:52:01 IST" duration-ms="1732" status="PASS">
          <reporter-output>
          </reporter-output>
        </test-method> <!-- setup -->
        <test-method retried="true" signature="verifyLoginBtnWithValidDataAndInvalidData(java.lang.String,java.lang.String)[pri:0, instance:com.opencart.qa.test.loginpagetest2@5d0bf09b]" started-at="2023-05-26T17:52:01 IST" name="verifyLoginBtnWithValidDataAndInvalidData" data-provider="login credentials" finished-at="2023-05-26T17:52:01 IST" duration-ms="68" status="SKIP">
          <params>
            <param index="0">
              <value is-null="true"/>
            </param>
            <param index="1">
              <value is-null="true"/>
            </param>
          </params>
          <exception class="java.lang.IllegalArgumentException">
            <message>
              <![CDATA[Keys to send should be a not null CharSequence]]>
            </message>
            <full-stacktrace>
              <![CDATA[java.lang.IllegalArgumentException: Keys to send should be a not null CharSequence
at org.openqa.selenium.remote.RemoteWebElement.sendKeys(RemoteWebElement.java:98)
at com.opencart.qa.pages.loginpage.setEmail(loginpage.java:23)
at com.opencart.qa.pages.loginpage.openCartLogin(loginpage.java:42)
at com.opencart.qa.test.loginpagetest2.verifyLoginBtnWithValidDataAndInvalidData(loginpagetest2.java:41)
at java.base/jdk.internal.reflect.NativeMethodAccessorImpl.invoke0(Native Method)
at java.base/jdk.internal.reflect.NativeMethodAccessorImpl.invoke(NativeMethodAccessorImpl.java:77)
at java.base/jdk.internal.reflect.DelegatingMethodAccessorImpl.invoke(DelegatingMethodAccessorImpl.java:43)
at java.base/java.lang.reflect.Method.invoke(Method.java:568)
at org.testng.internal.MethodInvocationHelper.invokeMethod(MethodInvocationHelper.java:133)
at org.testng.internal.TestInvoker.invokeMethod(TestInvoker.java:598)
at org.testng.internal.TestInvoker.invokeTestMethod(TestInvoker.java:173)
at org.testng.internal.MethodRunner.runInSequence(MethodRunner.java:46)
at org.testng.internal.TestInvoker$MethodInvocationAgent.invoke(TestInvoker.java:824)
at org.testng.internal.TestInvoker.invokeTestMethods(TestInvoker.java:146)
at org.testng.internal.TestMethodWorker.invokeTestMethods(TestMethodWorker.java:146)
at org.testng.internal.TestMethodWorker.run(TestMethodWorker.java:128)
at java.base/java.util.ArrayList.forEach(ArrayList.java:1511)
at org.testng.TestRunner.privateRun(TestRunner.java:794)
at org.testng.TestRunner.run(TestRunner.java:596)
at org.testng.SuiteRunner.runTest(SuiteRunner.java:377)
at org.testng.SuiteRunner.runSequentially(SuiteRunner.java:371)
at org.testng.SuiteRunner.privateRun(SuiteRunner.java:332)
at org.testng.SuiteRunner.run(SuiteRunner.java:276)
at org.testng.SuiteRunnerWorker.runSuite(SuiteRunnerWorker.java:53)
at org.testng.SuiteRunnerWorker.run(SuiteRunnerWorker.java:96)
at org.testng.TestNG.runSuitesSequentially(TestNG.java:1212)
at org.testng.TestNG.runSuitesSequentially(TestNG.java:1207)
at org.testng.TestNG.runSuitesLocally(TestNG.java:1134)
at org.testng.TestNG.runSuites(TestNG.java:1063)
at org.testng.TestNG.run(TestNG.java:1031)
at org.testng.remote.AbstractRemoteTestNG.run(AbstractRemoteTestNG.java:115)
at org.testng.remote.RemoteTestNG.initAndRun(RemoteTestNG.java:251)
at org.testng.remote.RemoteTestNG.main(RemoteTestNG.java:77)
]]>
            </full-stacktrace>
          </exception> <!-- java.lang.IllegalArgumentException -->
          <reporter-output>
          </reporter-output>
        </test-method> <!-- verifyLoginBtnWithValidDataAndInvalidData -->
        <test-method is-config="true" signature="tearDown()[pri:0, instance:com.opencart.qa.test.loginpagetest2@5d0bf09b]" started-at="2023-05-26T17:52:01 IST" name="tearDown" finished-at="2023-05-26T17:52:01 IST" duration-ms="164" status="PASS">
          <reporter-output>
          </reporter-output>
        </test-method> <!-- tearDown -->
        <test-method is-config="true" signature="setup()[pri:0, instance:com.opencart.qa.test.loginpagetest2@5d0bf09b]" started-at="2023-05-26T17:52:01 IST" name="setup" finished-at="2023-05-26T17:52:04 IST" duration-ms="2764" status="PASS">
          <reporter-output>
          </reporter-output>
        </test-method> <!-- setup -->
        <test-method retried="true" signature="verifyLoginBtnWithValidDataAndInvalidData(java.lang.String,java.lang.String)[pri:0, instance:com.opencart.qa.test.loginpagetest2@5d0bf09b]" started-at="2023-05-26T17:52:04 IST" name="verifyLoginBtnWithValidDataAndInvalidData" data-provider="login credentials" finished-at="2023-05-26T17:52:04 IST" duration-ms="72" status="SKIP">
          <params>
            <param index="0">
              <value is-null="true"/>
            </param>
            <param index="1">
              <value is-null="true"/>
            </param>
          </params>
          <exception class="java.lang.IllegalArgumentException">
            <message>
              <![CDATA[Keys to send should be a not null CharSequence]]>
            </message>
            <full-stacktrace>
              <![CDATA[java.lang.IllegalArgumentException: Keys to send should be a not null CharSequence
at org.openqa.selenium.remote.RemoteWebElement.sendKeys(RemoteWebElement.java:98)
at com.opencart.qa.pages.loginpage.setEmail(loginpage.java:23)
at com.opencart.qa.pages.loginpage.openCartLogin(loginpage.java:42)
at com.opencart.qa.test.loginpagetest2.verifyLoginBtnWithValidDataAndInvalidData(loginpagetest2.java:41)
at java.base/jdk.internal.reflect.NativeMethodAccessorImpl.invoke0(Native Method)
at java.base/jdk.internal.reflect.NativeMethodAccessorImpl.invoke(NativeMethodAccessorImpl.java:77)
at java.base/jdk.internal.reflect.DelegatingMethodAccessorImpl.invoke(DelegatingMethodAccessorImpl.java:43)
at java.base/java.lang.reflect.Method.invoke(Method.java:568)
at org.testng.internal.MethodInvocationHelper.invokeMethod(MethodInvocationHelper.java:133)
at org.testng.internal.TestInvoker.invokeMethod(TestInvoker.java:598)
at org.testng.internal.TestInvoker.retryFailed(TestInvoker.java:213)
at org.testng.internal.MethodRunner.runInSequence(MethodRunner.java:58)
at org.testng.internal.TestInvoker$MethodInvocationAgent.invoke(TestInvoker.java:824)
at org.testng.internal.TestInvoker.invokeTestMethods(TestInvoker.java:146)
at org.testng.internal.TestMethodWorker.invokeTestMethods(TestMethodWorker.java:146)
at org.testng.internal.TestMethodWorker.run(TestMethodWorker.java:128)
at java.base/java.util.ArrayList.forEach(ArrayList.java:1511)
at org.testng.TestRunner.privateRun(TestRunner.java:794)
at org.testng.TestRunner.run(TestRunner.java:596)
at org.testng.SuiteRunner.runTest(SuiteRunner.java:377)
at org.testng.SuiteRunner.runSequentially(SuiteRunner.java:371)
at org.testng.SuiteRunner.privateRun(SuiteRunner.java:332)
at org.testng.SuiteRunner.run(SuiteRunner.java:276)
at org.testng.SuiteRunnerWorker.runSuite(SuiteRunnerWorker.java:53)
at org.testng.SuiteRunnerWorker.run(SuiteRunnerWorker.java:96)
at org.testng.TestNG.runSuitesSequentially(TestNG.java:1212)
at org.testng.TestNG.runSuitesSequentially(TestNG.java:1207)
at org.testng.TestNG.runSuitesLocally(TestNG.java:1134)
at org.testng.TestNG.runSuites(TestNG.java:1063)
at org.testng.TestNG.run(TestNG.java:1031)
at org.testng.remote.AbstractRemoteTestNG.run(AbstractRemoteTestNG.java:115)
at org.testng.remote.RemoteTestNG.initAndRun(RemoteTestNG.java:251)
at org.testng.remote.RemoteTestNG.main(RemoteTestNG.java:77)
]]>
            </full-stacktrace>
          </exception> <!-- java.lang.IllegalArgumentException -->
          <reporter-output>
          </reporter-output>
        </test-method> <!-- verifyLoginBtnWithValidDataAndInvalidData -->
        <test-method is-config="true" signature="tearDown()[pri:0, instance:com.opencart.qa.test.loginpagetest2@5d0bf09b]" started-at="2023-05-26T17:52:04 IST" name="tearDown" finished-at="2023-05-26T17:52:04 IST" duration-ms="139" status="PASS">
          <reporter-output>
          </reporter-output>
        </test-method> <!-- tearDown -->
        <test-method is-config="true" signature="setup()[pri:0, instance:com.opencart.qa.test.loginpagetest2@5d0bf09b]" started-at="2023-05-26T17:52:04 IST" name="setup" finished-at="2023-05-26T17:52:06 IST" duration-ms="1667" status="PASS">
          <reporter-output>
          </reporter-output>
        </test-method> <!-- setup -->
        <test-method retried="true" signature="verifyLoginBtnWithValidDataAndInvalidData(java.lang.String,java.lang.String)[pri:0, instance:com.opencart.qa.test.loginpagetest2@5d0bf09b]" started-at="2023-05-26T17:52:06 IST" name="verifyLoginBtnWithValidDataAndInvalidData" data-provider="login credentials" finished-at="2023-05-26T17:52:06 IST" duration-ms="82" status="SKIP">
          <params>
            <param index="0">
              <value is-null="true"/>
            </param>
            <param index="1">
              <value is-null="true"/>
            </param>
          </params>
          <exception class="java.lang.IllegalArgumentException">
            <message>
              <![CDATA[Keys to send should be a not null CharSequence]]>
            </message>
            <full-stacktrace>
              <![CDATA[java.lang.IllegalArgumentException: Keys to send should be a not null CharSequence
at org.openqa.selenium.remote.RemoteWebElement.sendKeys(RemoteWebElement.java:98)
at com.opencart.qa.pages.loginpage.setEmail(loginpage.java:23)
at com.opencart.qa.pages.loginpage.openCartLogin(loginpage.java:42)
at com.opencart.qa.test.loginpagetest2.verifyLoginBtnWithValidDataAndInvalidData(loginpagetest2.java:41)
at java.base/jdk.internal.reflect.NativeMethodAccessorImpl.invoke0(Native Method)
at java.base/jdk.internal.reflect.NativeMethodAccessorImpl.invoke(NativeMethodAccessorImpl.java:77)
at java.base/jdk.internal.reflect.DelegatingMethodAccessorImpl.invoke(DelegatingMethodAccessorImpl.java:43)
at java.base/java.lang.reflect.Method.invoke(Method.java:568)
at org.testng.internal.MethodInvocationHelper.invokeMethod(MethodInvocationHelper.java:133)
at org.testng.internal.TestInvoker.invokeMethod(TestInvoker.java:598)
at org.testng.internal.TestInvoker.retryFailed(TestInvoker.java:213)
at org.testng.internal.MethodRunner.runInSequence(MethodRunner.java:58)
at org.testng.internal.TestInvoker$MethodInvocationAgent.invoke(TestInvoker.java:824)
at org.testng.internal.TestInvoker.invokeTestMethods(TestInvoker.java:146)
at org.testng.internal.TestMethodWorker.invokeTestMethods(TestMethodWorker.java:146)
at org.testng.internal.TestMethodWorker.run(TestMethodWorker.java:128)
at java.base/java.util.ArrayList.forEach(ArrayList.java:1511)
at org.testng.TestRunner.privateRun(TestRunner.java:794)
at org.testng.TestRunner.run(TestRunner.java:596)
at org.testng.SuiteRunner.runTest(SuiteRunner.java:377)
at org.testng.SuiteRunner.runSequentially(SuiteRunner.java:371)
at org.testng.SuiteRunner.privateRun(SuiteRunner.java:332)
at org.testng.SuiteRunner.run(SuiteRunner.java:276)
at org.testng.SuiteRunnerWorker.runSuite(SuiteRunnerWorker.java:53)
at org.testng.SuiteRunnerWorker.run(SuiteRunnerWorker.java:96)
at org.testng.TestNG.runSuitesSequentially(TestNG.java:1212)
at org.testng.TestNG.runSuitesSequentially(TestNG.java:1207)
at org.testng.TestNG.runSuitesLocally(TestNG.java:1134)
at org.testng.TestNG.runSuites(TestNG.java:1063)
at org.testng.TestNG.run(TestNG.java:1031)
at org.testng.remote.AbstractRemoteTestNG.run(AbstractRemoteTestNG.java:115)
at org.testng.remote.RemoteTestNG.initAndRun(RemoteTestNG.java:251)
at org.testng.remote.RemoteTestNG.main(RemoteTestNG.java:77)
]]>
            </full-stacktrace>
          </exception> <!-- java.lang.IllegalArgumentException -->
          <reporter-output>
          </reporter-output>
        </test-method> <!-- verifyLoginBtnWithValidDataAndInvalidData -->
        <test-method is-config="true" signature="tearDown()[pri:0, instance:com.opencart.qa.test.loginpagetest2@5d0bf09b]" started-at="2023-05-26T17:52:06 IST" name="tearDown" finished-at="2023-05-26T17:52:06 IST" duration-ms="255" status="PASS">
          <reporter-output>
          </reporter-output>
        </test-method> <!-- tearDown -->
        <test-method is-config="true" signature="setup()[pri:0, instance:com.opencart.qa.test.loginpagetest2@5d0bf09b]" started-at="2023-05-26T17:52:06 IST" name="setup" finished-at="2023-05-26T17:52:09 IST" duration-ms="2883" status="PASS">
          <reporter-output>
          </reporter-output>
        </test-method> <!-- setup -->
        <test-method retried="true" signature="verifyLoginBtnWithValidDataAndInvalidData(java.lang.String,java.lang.String)[pri:0, instance:com.opencart.qa.test.loginpagetest2@5d0bf09b]" started-at="2023-05-26T17:52:09 IST" name="verifyLoginBtnWithValidDataAndInvalidData" data-provider="login credentials" finished-at="2023-05-26T17:52:09 IST" duration-ms="69" status="SKIP">
          <params>
            <param index="0">
              <value is-null="true"/>
            </param>
            <param index="1">
              <value is-null="true"/>
            </param>
          </params>
          <exception class="java.lang.IllegalArgumentException">
            <message>
              <![CDATA[Keys to send should be a not null CharSequence]]>
            </message>
            <full-stacktrace>
              <![CDATA[java.lang.IllegalArgumentException: Keys to send should be a not null CharSequence
at org.openqa.selenium.remote.RemoteWebElement.sendKeys(RemoteWebElement.java:98)
at com.opencart.qa.pages.loginpage.setEmail(loginpage.java:23)
at com.opencart.qa.pages.loginpage.openCartLogin(loginpage.java:42)
at com.opencart.qa.test.loginpagetest2.verifyLoginBtnWithValidDataAndInvalidData(loginpagetest2.java:41)
at java.base/jdk.internal.reflect.NativeMethodAccessorImpl.invoke0(Native Method)
at java.base/jdk.internal.reflect.NativeMethodAccessorImpl.invoke(NativeMethodAccessorImpl.java:77)
at java.base/jdk.internal.reflect.DelegatingMethodAccessorImpl.invoke(DelegatingMethodAccessorImpl.java:43)
at java.base/java.lang.reflect.Method.invoke(Method.java:568)
at org.testng.internal.MethodInvocationHelper.invokeMethod(MethodInvocationHelper.java:133)
at org.testng.internal.TestInvoker.invokeMethod(TestInvoker.java:598)
at org.testng.internal.TestInvoker.retryFailed(TestInvoker.java:213)
at org.testng.internal.MethodRunner.runInSequence(MethodRunner.java:58)
at org.testng.internal.TestInvoker$MethodInvocationAgent.invoke(TestInvoker.java:824)
at org.testng.internal.TestInvoker.invokeTestMethods(TestInvoker.java:146)
at org.testng.internal.TestMethodWorker.invokeTestMethods(TestMethodWorker.java:146)
at org.testng.internal.TestMethodWorker.run(TestMethodWorker.java:128)
at java.base/java.util.ArrayList.forEach(ArrayList.java:1511)
at org.testng.TestRunner.privateRun(TestRunner.java:794)
at org.testng.TestRunner.run(TestRunner.java:596)
at org.testng.SuiteRunner.runTest(SuiteRunner.java:377)
at org.testng.SuiteRunner.runSequentially(SuiteRunner.java:371)
at org.testng.SuiteRunner.privateRun(SuiteRunner.java:332)
at org.testng.SuiteRunner.run(SuiteRunner.java:276)
at org.testng.SuiteRunnerWorker.runSuite(SuiteRunnerWorker.java:53)
at org.testng.SuiteRunnerWorker.run(SuiteRunnerWorker.java:96)
at org.testng.TestNG.runSuitesSequentially(TestNG.java:1212)
at org.testng.TestNG.runSuitesSequentially(TestNG.java:1207)
at org.testng.TestNG.runSuitesLocally(TestNG.java:1134)
at org.testng.TestNG.runSuites(TestNG.java:1063)
at org.testng.TestNG.run(TestNG.java:1031)
at org.testng.remote.AbstractRemoteTestNG.run(AbstractRemoteTestNG.java:115)
at org.testng.remote.RemoteTestNG.initAndRun(RemoteTestNG.java:251)
at org.testng.remote.RemoteTestNG.main(RemoteTestNG.java:77)
]]>
            </full-stacktrace>
          </exception> <!-- java.lang.IllegalArgumentException -->
          <reporter-output>
          </reporter-output>
        </test-method> <!-- verifyLoginBtnWithValidDataAndInvalidData -->
        <test-method is-config="true" signature="tearDown()[pri:0, instance:com.opencart.qa.test.loginpagetest2@5d0bf09b]" started-at="2023-05-26T17:52:09 IST" name="tearDown" finished-at="2023-05-26T17:52:09 IST" duration-ms="191" status="PASS">
          <reporter-output>
          </reporter-output>
        </test-method> <!-- tearDown -->
        <test-method is-config="true" signature="setup()[pri:0, instance:com.opencart.qa.test.loginpagetest2@5d0bf09b]" started-at="2023-05-26T17:52:09 IST" name="setup" finished-at="2023-05-26T17:52:11 IST" duration-ms="1724" status="PASS">
          <reporter-output>
          </reporter-output>
        </test-method> <!-- setup -->
        <test-method signature="verifyLoginBtnWithValidDataAndInvalidData(java.lang.String,java.lang.String)[pri:0, instance:com.opencart.qa.test.loginpagetest2@5d0bf09b]" started-at="2023-05-26T17:52:11 IST" name="verifyLoginBtnWithValidDataAndInvalidData" data-provider="login credentials" finished-at="2023-05-26T17:52:11 IST" duration-ms="68" status="FAIL">
          <params>
            <param index="0">
              <value is-null="true"/>
            </param>
            <param index="1">
              <value is-null="true"/>
            </param>
          </params>
          <exception class="java.lang.IllegalArgumentException">
            <message>
              <![CDATA[Keys to send should be a not null CharSequence]]>
            </message>
            <full-stacktrace>
              <![CDATA[java.lang.IllegalArgumentException: Keys to send should be a not null CharSequence
at org.openqa.selenium.remote.RemoteWebElement.sendKeys(RemoteWebElement.java:98)
at com.opencart.qa.pages.loginpage.setEmail(loginpage.java:23)
at com.opencart.qa.pages.loginpage.openCartLogin(loginpage.java:42)
at com.opencart.qa.test.loginpagetest2.verifyLoginBtnWithValidDataAndInvalidData(loginpagetest2.java:41)
at java.base/jdk.internal.reflect.NativeMethodAccessorImpl.invoke0(Native Method)
at java.base/jdk.internal.reflect.NativeMethodAccessorImpl.invoke(NativeMethodAccessorImpl.java:77)
at java.base/jdk.internal.reflect.DelegatingMethodAccessorImpl.invoke(DelegatingMethodAccessorImpl.java:43)
at java.base/java.lang.reflect.Method.invoke(Method.java:568)
at org.testng.internal.MethodInvocationHelper.invokeMethod(MethodInvocationHelper.java:133)
at org.testng.internal.TestInvoker.invokeMethod(TestInvoker.java:598)
at org.testng.internal.TestInvoker.retryFailed(TestInvoker.java:213)
at org.testng.internal.MethodRunner.runInSequence(MethodRunner.java:58)
at org.testng.internal.TestInvoker$MethodInvocationAgent.invoke(TestInvoker.java:824)
at org.testng.internal.TestInvoker.invokeTestMethods(TestInvoker.java:146)
at org.testng.internal.TestMethodWorker.invokeTestMethods(TestMethodWorker.java:146)
at org.testng.internal.TestMethodWorker.run(TestMethodWorker.java:128)
at java.base/java.util.ArrayList.forEach(ArrayList.java:1511)
at org.testng.TestRunner.privateRun(TestRunner.java:794)
at org.testng.TestRunner.run(TestRunner.java:596)
at org.testng.SuiteRunner.runTest(SuiteRunner.java:377)
at org.testng.SuiteRunner.runSequentially(SuiteRunner.java:371)
at org.testng.SuiteRunner.privateRun(SuiteRunner.java:332)
at org.testng.SuiteRunner.run(SuiteRunner.java:276)
at org.testng.SuiteRunnerWorker.runSuite(SuiteRunnerWorker.java:53)
at org.testng.SuiteRunnerWorker.run(SuiteRunnerWorker.java:96)
at org.testng.TestNG.runSuitesSequentially(TestNG.java:1212)
at org.testng.TestNG.runSuitesSequentially(TestNG.java:1207)
at org.testng.TestNG.runSuitesLocally(TestNG.java:1134)
at org.testng.TestNG.runSuites(TestNG.java:1063)
at org.testng.TestNG.run(TestNG.java:1031)
at org.testng.remote.AbstractRemoteTestNG.run(AbstractRemoteTestNG.java:115)
at org.testng.remote.RemoteTestNG.initAndRun(RemoteTestNG.java:251)
at org.testng.remote.RemoteTestNG.main(RemoteTestNG.java:77)
]]>
            </full-stacktrace>
          </exception> <!-- java.lang.IllegalArgumentException -->
          <reporter-output>
          </reporter-output>
        </test-method> <!-- verifyLoginBtnWithValidDataAndInvalidData -->
        <test-method is-config="true" signature="tearDown()[pri:0, instance:com.opencart.qa.test.loginpagetest2@5d0bf09b]" started-at="2023-05-26T17:52:11 IST" name="tearDown" finished-at="2023-05-26T17:52:11 IST" duration-ms="160" status="PASS">
          <reporter-output>
          </reporter-output>
        </test-method> <!-- tearDown -->
      </class> <!-- com.opencart.qa.test.loginpagetest2 -->
      <class name="com.opencart.qa.test.loginpagetest">
        <test-method is-config="true" signature="setup()[pri:0, instance:com.opencart.qa.test.loginpagetest@65c7a252]" started-at="2023-05-26T17:51:34 IST" name="setup" finished-at="2023-05-26T17:51:40 IST" duration-ms="5563" status="PASS">
          <reporter-output>
          </reporter-output>
        </test-method> <!-- setup -->
        <test-method signature="verifyLoginBtnWithInValidData()[pri:0, instance:com.opencart.qa.test.loginpagetest@65c7a252]" started-at="2023-05-26T17:51:40 IST" name="verifyLoginBtnWithInValidData" finished-at="2023-05-26T17:51:41 IST" duration-ms="937" status="PASS">
          <reporter-output>
          </reporter-output>
        </test-method> <!-- verifyLoginBtnWithInValidData -->
        <test-method is-config="true" signature="tearDown()[pri:0, instance:com.opencart.qa.test.loginpagetest@65c7a252]" started-at="2023-05-26T17:51:41 IST" name="tearDown" finished-at="2023-05-26T17:51:41 IST" duration-ms="148" status="PASS">
          <reporter-output>
          </reporter-output>
        </test-method> <!-- tearDown -->
        <test-method is-config="true" signature="setup()[pri:0, instance:com.opencart.qa.test.loginpagetest@65c7a252]" started-at="2023-05-26T17:51:41 IST" name="setup" finished-at="2023-05-26T17:51:43 IST" duration-ms="1924" status="PASS">
          <reporter-output>
          </reporter-output>
        </test-method> <!-- setup -->
        <test-method signature="verifyLoginBtnWithValidData()[pri:0, instance:com.opencart.qa.test.loginpagetest@65c7a252]" started-at="2023-05-26T17:51:43 IST" name="verifyLoginBtnWithValidData" finished-at="2023-05-26T17:51:44 IST" duration-ms="1084" status="PASS">
          <reporter-output>
          </reporter-output>
        </test-method> <!-- verifyLoginBtnWithValidData -->
        <test-method is-config="true" signature="tearDown()[pri:0, instance:com.opencart.qa.test.loginpagetest@65c7a252]" started-at="2023-05-26T17:51:44 IST" name="tearDown" finished-at="2023-05-26T17:51:44 IST" duration-ms="150" status="PASS">
          <reporter-output>
          </reporter-output>
        </test-method> <!-- tearDown -->
      </class> <!-- com.opencart.qa.test.loginpagetest -->
    </test> <!-- Test -->
  </suite> <!-- TutorialsNinjaTestCases.login -->
  <suite started-at="2023-05-26T17:52:11 IST" name="TutorialsNinjaTestCases.dashboard" finished-at="2023-05-26T17:52:20 IST" duration-ms="8503">
    <groups>
    </groups>
    <test started-at="2023-05-26T17:52:11 IST" name="Test" finished-at="2023-05-26T17:52:20 IST" duration-ms="8503">
      <class name="com.opencart.qa.test.dashboardTest">
        <test-method is-config="true" signature="setup()[pri:0, instance:com.opencart.qa.test.dashboardTest@5032714f]" started-at="2023-05-26T17:52:11 IST" name="setup" finished-at="2023-05-26T17:52:15 IST" duration-ms="3768" status="PASS">
          <reporter-output>
          </reporter-output>
        </test-method> <!-- setup -->
        <test-method signature="verifyLoginBtnWithValidData()[pri:0, instance:com.opencart.qa.test.dashboardTest@5032714f]" started-at="2023-05-26T17:52:15 IST" name="verifyLoginBtnWithValidData" finished-at="2023-05-26T17:52:16 IST" duration-ms="1039" status="PASS">
          <reporter-output>
          </reporter-output>
        </test-method> <!-- verifyLoginBtnWithValidData -->
        <test-method signature="VerifySeachBoxWithValidText()[pri:0, instance:com.opencart.qa.test.dashboardTest@5032714f]" started-at="2023-05-26T17:52:16 IST" name="VerifySeachBoxWithValidText" finished-at="2023-05-26T17:52:16 IST" depends-on-methods="com.opencart.qa.test.dashboardTest.verifyLoginBtnWithValidData" duration-ms="207" status="PASS">
          <reporter-output>
          </reporter-output>
        </test-method> <!-- VerifySeachBoxWithValidText -->
        <test-method is-config="true" signature="teardown()[pri:0, instance:com.opencart.qa.test.dashboardTest@5032714f]" started-at="2023-05-26T17:52:16 IST" name="teardown" finished-at="2023-05-26T17:52:16 IST" duration-ms="241" status="PASS">
          <reporter-output>
          </reporter-output>
        </test-method> <!-- teardown -->
      </class> <!-- com.opencart.qa.test.dashboardTest -->
      <class name="com.opencart.qa.test.dashboardTest2">
        <test-method is-config="true" signature="setup()[pri:0, instance:com.opencart.qa.test.dashboardTest2@48bb62]" started-at="2023-05-26T17:52:16 IST" name="setup" finished-at="2023-05-26T17:52:18 IST" duration-ms="1851" status="PASS">
          <reporter-output>
          </reporter-output>
        </test-method> <!-- setup -->
        <test-method signature="verifyLoginBtnWithValidData()[pri:0, instance:com.opencart.qa.test.dashboardTest2@48bb62]" started-at="2023-05-26T17:52:18 IST" name="verifyLoginBtnWithValidData" finished-at="2023-05-26T17:52:19 IST" duration-ms="1060" status="PASS">
          <reporter-output>
          </reporter-output>
        </test-method> <!-- verifyLoginBtnWithValidData -->
        <test-method signature="VerifySeachBoxWithInValidText()[pri:0, instance:com.opencart.qa.test.dashboardTest2@48bb62]" started-at="2023-05-26T17:52:19 IST" name="VerifySeachBoxWithInValidText" finished-at="2023-05-26T17:52:19 IST" depends-on-methods="com.opencart.qa.test.dashboardTest2.verifyLoginBtnWithValidData" duration-ms="182" status="PASS">
          <reporter-output>
          </reporter-output>
        </test-method> <!-- VerifySeachBoxWithInValidText -->
        <test-method is-config="true" signature="teardown()[pri:0, instance:com.opencart.qa.test.dashboardTest2@48bb62]" started-at="2023-05-26T17:52:19 IST" name="teardown" finished-at="2023-05-26T17:52:20 IST" duration-ms="142" status="PASS">
          <reporter-output>
          </reporter-output>
        </test-method> <!-- teardown -->
      </class> <!-- com.opencart.qa.test.dashboardTest2 -->
    </test> <!-- Test -->
  </suite> <!-- TutorialsNinjaTestCases.dashboard -->
</testng-results>
