<?xml version="1.0" encoding="UTF-8"?>
<!-- Generated by org.testng.reporters.JUnitReportReporter -->
<testsuite hostname="DESKTOP-R02UI3U" failures="0" tests="9" name="com.opencart.qa.test.loginpagetest2" time="26.712" errors="1" timestamp="2023-05-26T17:52:23 IST" skipped="4">
  <testcase classname="com.opencart.qa.test.loginpagetest2" name="verifyLoginBtnWithValidDataAndInvalidData" time="3.125">
    <skipped/>
  </testcase> <!-- verifyLoginBtnWithValidDataAndInvalidData -->
  <system-out/>
  <testcase classname="com.opencart.qa.test.loginpagetest2" name="verifyLoginBtnWithValidDataAndInvalidData" time="5.943"/>
  <system-out/>
  <testcase classname="com.opencart.qa.test.loginpagetest2" name="verifyLoginBtnWithValidDataAndInvalidData" time="2.120">
    <skipped/>
  </testcase> <!-- verifyLoginBtnWithValidDataAndInvalidData -->
  <system-out/>
  <testcase classname="com.opencart.qa.test.loginpagetest2" name="verifyLoginBtnWithValidDataAndInvalidData" time="2.102">
    <skipped/>
  </testcase> <!-- verifyLoginBtnWithValidDataAndInvalidData -->
  <system-out/>
  <testcase classname="com.opencart.qa.test.loginpagetest2" name="verifyLoginBtnWithValidDataAndInvalidData" time="2.808"/>
  <system-out/>
  <testcase classname="com.opencart.qa.test.loginpagetest2" name="verifyLoginBtnWithValidDataAndInvalidData" time="2.993">
    <skipped/>
  </testcase> <!-- verifyLoginBtnWithValidDataAndInvalidData -->
  <system-out/>
  <testcase classname="com.opencart.qa.test.loginpagetest2" name="verifyLoginBtnWithValidDataAndInvalidData" time="1.964">
    <error message="Keys to send should be a not null CharSequence" type="java.lang.IllegalArgumentException">
      <![CDATA[java.lang.IllegalArgumentException: Keys to send should be a not null CharSequence
at org.openqa.selenium.remote.RemoteWebElement.sendKeys(RemoteWebElement.java:98)
at com.opencart.qa.pages.loginpage.setEmail(loginpage.java:23)
at com.opencart.qa.pages.loginpage.openCartLogin(loginpage.java:42)
at com.opencart.qa.test.loginpagetest2.verifyLoginBtnWithValidDataAndInvalidData(loginpagetest2.java:41)
at java.base/jdk.internal.reflect.NativeMethodAccessorImpl.invoke0(Native Method)
at java.base/jdk.internal.reflect.NativeMethodAccessorImpl.invoke(NativeMethodAccessorImpl.java:77)
at java.base/jdk.internal.reflect.DelegatingMethodAccessorImpl.invoke(DelegatingMethodAccessorImpl.java:43)
at java.base/java.lang.reflect.Method.invoke(Method.java:568)
at org.testng.internal.MethodInvocationHelper.invokeMethod(MethodInvocationHelper.java:133)
at org.testng.internal.TestInvoker.invokeMethod(TestInvoker.java:598)
at org.testng.internal.TestInvoker.retryFailed(TestInvoker.java:213)
at org.testng.internal.MethodRunner.runInSequence(MethodRunner.java:58)
at org.testng.internal.TestInvoker$MethodInvocationAgent.invoke(TestInvoker.java:824)
at org.testng.internal.TestInvoker.invokeTestMethods(TestInvoker.java:146)
at org.testng.internal.TestMethodWorker.invokeTestMethods(TestMethodWorker.java:146)
at org.testng.internal.TestMethodWorker.run(TestMethodWorker.java:128)
at java.base/java.util.ArrayList.forEach(ArrayList.java:1511)
at org.testng.TestRunner.privateRun(TestRunner.java:794)
at org.testng.TestRunner.run(TestRunner.java:596)
at org.testng.SuiteRunner.runTest(SuiteRunner.java:377)
at org.testng.SuiteRunner.runSequentially(SuiteRunner.java:371)
at org.testng.SuiteRunner.privateRun(SuiteRunner.java:332)
at org.testng.SuiteRunner.run(SuiteRunner.java:276)
at org.testng.SuiteRunnerWorker.runSuite(SuiteRunnerWorker.java:53)
at org.testng.SuiteRunnerWorker.run(SuiteRunnerWorker.java:96)
at org.testng.TestNG.runSuitesSequentially(TestNG.java:1212)
at org.testng.TestNG.runSuitesSequentially(TestNG.java:1207)
at org.testng.TestNG.runSuitesLocally(TestNG.java:1134)
at org.testng.TestNG.runSuites(TestNG.java:1063)
at org.testng.TestNG.run(TestNG.java:1031)
at org.testng.remote.AbstractRemoteTestNG.run(AbstractRemoteTestNG.java:115)
at org.testng.remote.RemoteTestNG.initAndRun(RemoteTestNG.java:251)
at org.testng.remote.RemoteTestNG.main(RemoteTestNG.java:77)
]]>
    </error>
  </testcase> <!-- verifyLoginBtnWithValidDataAndInvalidData -->
  <system-out/>
  <testcase classname="com.opencart.qa.test.loginpagetest2" name="verifyLoginBtnWithValidDataAndInvalidData" time="2.725"/>
  <system-out/>
  <testcase classname="com.opencart.qa.test.loginpagetest2" name="verifyLoginBtnWithValidDataAndInvalidData" time="2.932"/>
  <system-out/>
</testsuite> <!-- com.opencart.qa.test.loginpagetest2 -->
