<?xml version="1.0" encoding="UTF-8"?>
<!-- Generated by org.testng.reporters.JUnitReportReporter -->
<testsuite hostname="DESKTOP-R02UI3U" failures="0" tests="9" name="com.opencart.qa.test.loginpagetest2" time="35.542" errors="1" timestamp="2023-05-26T18:33:26 IST" skipped="4">
  <testcase classname="com.opencart.qa.test.loginpagetest2" name="verifyLoginBtnWithValidDataAndInvalidData" time="2.991">
    <skipped/>
  </testcase> <!-- verifyLoginBtnWithValidDataAndInvalidData -->
  <system-out/>
  <testcase classname="com.opencart.qa.test.loginpagetest2" name="verifyLoginBtnWithValidDataAndInvalidData" time="4.831">
    <skipped/>
  </testcase> <!-- verifyLoginBtnWithValidDataAndInvalidData -->
  <system-out/>
  <testcase classname="com.opencart.qa.test.loginpagetest2" name="verifyLoginBtnWithValidDataAndInvalidData" time="2.595">
    <skipped/>
  </testcase> <!-- verifyLoginBtnWithValidDataAndInvalidData -->
  <system-out/>
  <testcase classname="com.opencart.qa.test.loginpagetest2" name="verifyLoginBtnWithValidDataAndInvalidData" time="3.228">
    <skipped/>
  </testcase> <!-- verifyLoginBtnWithValidDataAndInvalidData -->
  <system-out/>
  <testcase classname="com.opencart.qa.test.loginpagetest2" name="verifyLoginBtnWithValidDataAndInvalidData" time="4.104"/>
  <system-out/>
  <testcase classname="com.opencart.qa.test.loginpagetest2" name="verifyLoginBtnWithValidDataAndInvalidData" time="5.312"/>
  <system-out/>
  <testcase classname="com.opencart.qa.test.loginpagetest2" name="verifyLoginBtnWithValidDataAndInvalidData" time="4.162"/>
  <system-out/>
  <testcase classname="com.opencart.qa.test.loginpagetest2" name="verifyLoginBtnWithValidDataAndInvalidData" time="3.790"/>
  <system-out/>
  <testcase classname="com.opencart.qa.test.loginpagetest2" name="verifyLoginBtnWithValidDataAndInvalidData" time="4.529">
    <error message="Keys to send should be a not null CharSequence" type="java.lang.IllegalArgumentException">
      <![CDATA[java.lang.IllegalArgumentException: Keys to send should be a not null CharSequence
at org.openqa.selenium.remote.RemoteWebElement.sendKeys(RemoteWebElement.java:98)
at com.opencart.qa.pages.loginpage.setEmail(loginpage.java:23)
at com.opencart.qa.pages.loginpage.openCartLogin(loginpage.java:42)
at com.opencart.qa.test.loginpagetest2.verifyLoginBtnWithValidDataAndInvalidData(loginpagetest2.java:41)
at java.base/jdk.internal.reflect.NativeMethodAccessorImpl.invoke0(Native Method)
at java.base/jdk.internal.reflect.NativeMethodAccessorImpl.invoke(NativeMethodAccessorImpl.java:62)
at java.base/jdk.internal.reflect.DelegatingMethodAccessorImpl.invoke(DelegatingMethodAccessorImpl.java:43)
at java.base/java.lang.reflect.Method.invoke(Method.java:566)
at org.testng.internal.MethodInvocationHelper.invokeMethod(MethodInvocationHelper.java:133)
at org.testng.internal.TestInvoker.invokeMethod(TestInvoker.java:598)
at org.testng.internal.TestInvoker.retryFailed(TestInvoker.java:213)
at org.testng.internal.MethodRunner.runInSequence(MethodRunner.java:58)
at org.testng.internal.TestInvoker$MethodInvocationAgent.invoke(TestInvoker.java:824)
at org.testng.internal.TestInvoker.invokeTestMethods(TestInvoker.java:146)
at org.testng.internal.TestMethodWorker.invokeTestMethods(TestMethodWorker.java:146)
at org.testng.internal.TestMethodWorker.run(TestMethodWorker.java:128)
at java.base/java.util.ArrayList.forEach(ArrayList.java:1541)
at org.testng.TestRunner.privateRun(TestRunner.java:794)
at org.testng.TestRunner.run(TestRunner.java:596)
at org.testng.SuiteRunner.runTest(SuiteRunner.java:377)
at org.testng.SuiteRunner.runSequentially(SuiteRunner.java:371)
at org.testng.SuiteRunner.privateRun(SuiteRunner.java:332)
at org.testng.SuiteRunner.run(SuiteRunner.java:276)
at org.testng.SuiteRunnerWorker.runSuite(SuiteRunnerWorker.java:53)
at org.testng.SuiteRunnerWorker.run(SuiteRunnerWorker.java:96)
at org.testng.TestNG.runSuitesSequentially(TestNG.java:1212)
at org.testng.TestNG.runSuitesSequentially(TestNG.java:1207)
at org.testng.TestNG.runSuitesLocally(TestNG.java:1134)
at org.testng.TestNG.runSuites(TestNG.java:1063)
at org.testng.TestNG.run(TestNG.java:1031)
at org.apache.maven.surefire.testng.TestNGExecutor.run(TestNGExecutor.java:308)
at org.apache.maven.surefire.testng.TestNGXmlTestSuite.execute(TestNGXmlTestSuite.java:71)
at org.apache.maven.surefire.testng.TestNGProvider.invoke(TestNGProvider.java:113)
at org.apache.maven.surefire.booter.ForkedBooter.runSuitesInProcess(ForkedBooter.java:385)
at org.apache.maven.surefire.booter.ForkedBooter.execute(ForkedBooter.java:162)
at org.apache.maven.surefire.booter.ForkedBooter.run(ForkedBooter.java:507)
at org.apache.maven.surefire.booter.ForkedBooter.main(ForkedBooter.java:495)
]]>
    </error>
  </testcase> <!-- verifyLoginBtnWithValidDataAndInvalidData -->
  <system-out/>
</testsuite> <!-- com.opencart.qa.test.loginpagetest2 -->
